#
# A fatal error has been detected by the Java Runtime Environment:
#
#  SIGILL (0x4) at pc=0x0000ffff9513fb5c, pid=1039, tid=1045
#
# JRE version:  (21.0.5+11) (build )
# Java VM: OpenJDK 64-Bit Server VM (21.0.5+11-LTS, mixed mode, sharing, tiered, compressed oops, compressed class ptrs, parallel gc, linux-aarch64)
# Problematic frame:
# j  java.lang.System.registerNatives()V+0 java.base
#
# No core dump will be written. Core dumps have been disabled. To enable core dumping, try "ulimit -c unlimited" before starting Java again
#
# The crash happened outside the Java Virtual Machine in native code.
# See problematic frame for where to report the bug.
#

---------------  S U M M A R Y ------------

Command Line: --add-modules=ALL-SYSTEM --add-opens=java.base/java.util=ALL-UNNAMED --add-opens=java.base/java.lang=ALL-UNNAMED --add-opens=java.base/sun.nio.fs=ALL-UNNAMED -Declipse.application=org.eclipse.jdt.ls.core.id1 -Dosgi.bundles.defaultStartLevel=4 -Declipse.product=org.eclipse.jdt.ls.core.product -Djava.import.generatesMetadataFilesAtProjectRoot=false -DDetectVMInstallationsJob.disabled=true -Dfile.encoding=utf8 -XX:+UseParallelGC -XX:GCTimeRatio=4 -XX:AdaptiveSizePolicyWeight=90 -Dsun.zip.disableMemoryMapping=true -Xmx1G -Xms100m -Xlog:disable -javaagent:/home/vscode/.cursor-server/extensions/redhat.java-1.39.0-linux-arm64/lombok/lombok-1.18.34.jar /home/vscode/.cursor-server/extensions/redhat.java-1.39.0-linux-arm64/server/plugins/org.eclipse.equinox.launcher_1.6.900.v20240613-2009.jar -configuration /home/vscode/.cursor-server/data/User/globalStorage/redhat.java/1.39.0/config_ss_linux -data /home/vscode/.cursor-server/data/User/workspaceStorage/57858ffc68f7f2b09990cc23a9f76c91/redhat.java/ss_ws --pipe=/tmp/lsp-09de5ff0c381028f7e31dd527ee86dea.sock

Host: AArch64, 12 cores, 7G, Debian GNU/Linux 11 (bullseye)
Time: Sun Feb 23 17:51:05 2025 UTC elapsed time: 0.016580 seconds (0d 0h 0m 0s)

---------------  T H R E A D  ---------------

Current thread (0x0000ffffa0029de0):  JavaThread "Unknown thread" [_thread_in_native, id=1045, stack(0x0000ffffa6e02000,0x0000ffffa7000000) (2040K)]

Stack: [0x0000ffffa6e02000,0x0000ffffa7000000],  sp=0x0000ffffa6ffe0c0,  free space=2032k
Native frames: (J=compiled Java code, j=interpreted, Vv=VM code, C=native code)
j  java.lang.System.registerNatives()V+0 java.base
j  java.lang.System.<clinit>()V+0 java.base
v  ~StubRoutines::call_stub 0x0000ffff95137144
V  [libjvm.so+0x836998]  JavaCalls::call_helper(JavaValue*, methodHandle const&, JavaCallArguments*, JavaThread*)+0x218
V  [libjvm.so+0x811de8]  InstanceKlass::call_class_initializer(JavaThread*)+0x284
V  [libjvm.so+0x812930]  InstanceKlass::initialize_impl(JavaThread*)+0x370
V  [libjvm.so+0xdcca38]  Threads::initialize_java_lang_classes(JavaThread*, JavaThread*)+0xe8
V  [libjvm.so+0xdceaf4]  Threads::create_vm(JavaVMInitArgs*, bool*)+0x3f4
V  [libjvm.so+0x8c9b14]  JNI_CreateJavaVM+0x80
C  [libjli.so+0x8bac]  JavaMain+0x7c
C  [libjli.so+0xc20c]  ThreadJavaMain+0xc
C  [libpthread.so.0+0x7648]  start_thread+0x174
Java frames: (J=compiled Java code, j=interpreted, Vv=VM code)
j  java.lang.System.registerNatives()V+0 java.base
j  java.lang.System.<clinit>()V+0 java.base
v  ~StubRoutines::call_stub 0x0000ffff95137144

siginfo: si_signo: 4 (SIGILL), si_code: 1 (ILL_ILLOPC), si_addr: 0x0000ffff9513fb5c

Registers:
R0=0x0000000000000000
R1=0x0000000000000000
R2=0x0000000000000000
R3=0x0000000000000000
R4=0x000000009aeaffff
R5=0x0000ffffa83744d0
R6=0x000000000000ffff
R7=0x000000000000000d
R8=0x0000000000000000
R9=0x000000000000000c
R10=0x000000000000000d
R11=0x000000b800484d20
R12=0x000000b80001ae00
R13=0x000000b800643470
R14=0x0000000000000000
R15=0x0000000000000000
R16=0x0000ffffa835f830
R17=0x0000ffffa85e5400
R18=0x000000b80001ace8
R19=0x0000ffff9513d8f0
R20=0x0000ffffa6ffe0c0
R21=0x0000ffffa84012c0
R22=0x0000000000000000
R23=0x0000ffff9513ea40
R24=0x0000ffffa6ffe148
R25=0x0000ffffa6ffe330
R26=0x000000b800003140
R27=0x0000000000000000
R28=0x0000ffffa0029de0
R29=0x0000ffffa6ffe130
R30=0x0000ffff9513fb40


Register to memory mapping:

R0 =0x0 is null
R1 =0x0 is null
R2 =0x0 is null
R3 =0x0 is null
R4 =0x000000009aeaffff is an unknown value
R5 =0x0000ffffa83744d0: <offset 0x00000000013744d0> in /home/vscode/.cursor-server/extensions/redhat.java-1.39.0-linux-arm64/jre/21.0.5-linux-aarch64/lib/server/libjvm.so at 0x0000ffffa7000000
R6 =0x000000000000ffff is an unknown value
R7 =0x000000000000000d is an unknown value
R8 =0x0 is null
R9 =0x000000000000000c is an unknown value
R10=0x000000000000000d is an unknown value
R11=0x000000b800484d20 is pointing into metadata
R12={method} {0x000000b80001ae00} 'registerNatives' '()V' in 'java/lang/System'
R13=0x000000b800643470 is pointing into metadata
R14=0x0 is null
R15=0x0 is null
R16=0x0000ffffa835f830: <offset 0x000000000135f830> in /home/vscode/.cursor-server/extensions/redhat.java-1.39.0-linux-arm64/jre/21.0.5-linux-aarch64/lib/server/libjvm.so at 0x0000ffffa7000000
R17=0x0000ffffa85e5400: memcmp+0x0000000000000000 in /lib/aarch64-linux-gnu/libc.so.6 at 0x0000ffffa8567000
R18={method} {0x000000b80001ace8} 'arraycopy' '(Ljava/lang/Object;ILjava/lang/Object;II)V' in 'java/lang/System'
R19=0x0000ffff9513d8f0 is at code_begin+48 in an Interpreter codelet
result handlers for native calls  [0x0000ffff9513d8c0, 0x0000ffff9513d908]  72 bytes
R20=0x0000ffffa6ffe0c0 is pointing into the stack for thread: 0x0000ffffa0029de0
R21=0x0000ffffa84012c0: <offset 0x00000000014012c0> in /home/vscode/.cursor-server/extensions/redhat.java-1.39.0-linux-arm64/jre/21.0.5-linux-aarch64/lib/server/libjvm.so at 0x0000ffffa7000000
R22=0x0 is null
R23=0x0000ffff9513ea40 is at code_begin+0 in an Interpreter codelet
method entry point (kind = zerolocals)  [0x0000ffff9513ea40, 0x0000ffff9513edd8]  920 bytes
R24=0x0000ffffa6ffe148 is pointing into the stack for thread: 0x0000ffffa0029de0
R25=0x0000ffffa6ffe330 is pointing into the stack for thread: 0x0000ffffa0029de0
R26=0x000000b800003140 is pointing into metadata
R27=0x0 is null
R28=0x0000ffffa0029de0 is a thread
R29=0x0000ffffa6ffe130 is pointing into the stack for thread: 0x0000ffffa0029de0
R30=0x0000ffff9513fb40 is at code_begin+896 in an Interpreter codelet
native method entry point (kind = native)  [0x0000ffff9513f7c0, 0x0000ffff9513fee0]  1824 bytes
R31=0x0000ffffa6ffe0c0 is pointing into the stack for thread: 0x0000ffffa0029de0

Top of Stack: (sp=0x0000ffffa6ffe0c0)
0x0000ffffa6ffe0c0:   0000000000000000 0000000000000000
0x0000ffffa6ffe0d0:   300000ffffa6ffe1 729cdc769ecdb600
0x0000ffffa6ffe0e0:   0000ffffa6ffe0e0 0000000000000000
0x0000ffffa6ffe0f0:   0000000000000003 000000b800003140
0x0000ffffa6ffe100:   00000000c007fd58 0000ffffa6ffe0d0
0x0000ffffa6ffe110:   0000000000000000 000000b80001ae00
0x0000ffffa6ffe120:   0000000000000000 0000ffffa6ffe130
0x0000ffffa6ffe130:   0000ffffa6ffe1a0 0000ffff9513c17c
0x0000ffffa6ffe140:   0000000000000000 00000000c007fd58
0x0000ffffa6ffe150:   0000ffffa6ffe150 000000b800643a30
0x0000ffffa6ffe160:   0000000000000001 000000b800003140
0x0000ffffa6ffe170:   00000000c007fd58 0000ffffa6ffe130
0x0000ffffa6ffe180:   0000000000000000 000000b80001a9f8
0x0000ffffa6ffe190:   0000ffffa6ffe150 0000ffffa6ffe1b0
0x0000ffffa6ffe1a0:   0000ffffa6ffe280 0000ffff95137144
0x0000ffffa6ffe1b0:   0000000000000000 0000000000000000
0x0000ffffa6ffe1c0:   0000000000000000 0000000000000000
0x0000ffffa6ffe1d0:   0000000000000000 0000000000000000
0x0000ffffa6ffe1e0:   0000000000000000 0000000000000000
0x0000ffffa6ffe1f0:   0000ffffa6ffe3f8 0000ffffa6ffe2f8
0x0000ffffa6ffe200:   000000000000000a 0000ffffa6ffe330
0x0000ffffa6ffe210:   000000000000000e 0000ffff9513ea40
0x0000ffffa6ffe220:   0000ffffa6ffe3d0 0000ffffa6ffe3f0
0x0000ffffa6ffe230:   0000ffffa6ffe3b8 0000ffffa0029de0
0x0000ffffa6ffe240:   0000ffffa6ffe330 0000ffffa6ffe3d0
0x0000ffffa6ffe250:   000000000000000a 000000b80001a9f8
0x0000ffffa6ffe260:   0000ffff9513ea40 0000ffffa6ffe3f8
0x0000ffffa6ffe270:   0000ffff00000000 0000ffffa0029de0
0x0000ffffa6ffe280:   0000ffffa6ffe290 0000ffffa7836998
0x0000ffffa6ffe290:   0000ffffa6ffe370 0000ffffa7811de8
0x0000ffffa6ffe2a0:   0000ffffa0029de0 0000ffffa6ffe3b8
0x0000ffffa6ffe2b0:   000000b800002bf8 0000ffffa0029bd0 

Instructions: (pc=0x0000ffff9513fb5c)
0x0000ffff9513fa5c:   b8 6f 38 8b 91 31 40 f9 20 02 3f d6 ac 83 5e f8
0x0000ffff9513fa6c:   f3 03 00 aa 91 29 40 b9 11 01 18 36 91 05 40 f9
0x0000ffff9513fa7c:   31 06 40 f9 31 0e 40 f9 31 3a 40 f9 31 02 40 f9
0x0000ffff9513fa8c:   b1 0f 00 f9 a1 63 00 91 8a 2d 40 f9 09 2a 9a d2
0x0000ffff9513fa9c:   c9 f8 b4 f2 e9 ff df f2 29 01 40 f9 5f 01 09 eb
0x0000ffff9513faac:   81 03 00 54 e1 03 0c aa b6 83 1b f8 e0 03 1c aa
0x0000ffff9513fabc:   28 01 00 10 88 d3 01 f9 94 cf 01 f9 9d d7 01 f9
0x0000ffff9513facc:   e8 33 bf a9 08 9e 99 d2 48 f0 b4 f2 e8 ff df f2
0x0000ffff9513fadc:   00 01 3f d6 e8 33 c1 a8 fe ff ff 10 9f cf 01 f9
0x0000ffff9513faec:   9f d7 01 f9 9f d3 01 f9 88 07 40 f9 a8 00 00 b4
0x0000ffff9513fafc:   08 10 8e d2 68 a2 b2 f2 e8 ff df f2 00 01 1f d6
0x0000ffff9513fb0c:   b6 e3 7b a9 b8 6f 38 8b ac 83 5e f8 8a 2d 40 f9
0x0000ffff9513fb1c:   80 e3 0e 91 08 01 00 10 88 d3 01 f9 94 cf 01 f9
0x0000ffff9513fb2c:   9d d7 01 f9 e8 03 7e b2 89 13 11 91 28 fd 9f 88
0x0000ffff9513fb3c:   40 01 3f d6 ac 83 5e f8 88 82 00 d1 1f ed 7c 92
0x0000ffff9513fb4c:   80 0e 1f fc 9f 8e 1f f8 80 8e 1f f8 e8 03 1f 2a
0x0000ffff9513fb5c:   e8 e3 30 04 1f 05 00 31 80 00 00 54 c1 d5 bb d4
0x0000ffff9513fb6c:   f0 be f9 a7 ff ff 00 00 a8 00 80 d2 89 13 11 91
0x0000ffff9513fb7c:   28 fd 9f 88 bf 3b 03 d5 88 23 11 91 08 fd df c8
0x0000ffff9513fb8c:   bf 03 08 eb 68 00 00 54 89 43 44 b9 69 01 00 b4
0x0000ffff9513fb9c:   e0 03 1c aa 89 84 9b d2 89 f0 b4 f2 e9 ff df f2
0x0000ffff9513fbac:   20 01 3f d6 ac 83 5e f8 1b 1e 89 d2 db 06 b5 f2
0x0000ffff9513fbbc:   fb ff df f2 7b 03 40 f9 e8 03 7d b2 89 13 11 91
0x0000ffff9513fbcc:   28 fd 9f 88 9f cf 01 f9 9f d7 01 f9 9f d3 01 f9
0x0000ffff9513fbdc:   91 17 42 f9 3f 82 00 f9 d1 e8 fe 10 3f 02 13 eb
0x0000ffff9513fbec:   c1 01 00 54 80 06 41 f8 20 01 00 b4 1f 04 40 f2
0x0000ffff9513fbfc:   61 00 00 54 00 00 40 f9 05 00 00 14 60 00 00 37
0x0000ffff9513fc0c:   00 e0 5f f8 02 00 00 14 00 f0 5f f8 a0 0f 00 f9
0x0000ffff9513fc1c:   9f 8e 1f f8 80 8e 1f f8 88 03 13 91 08 01 40 b9
0x0000ffff9513fc2c:   1f 09 00 f1 e1 04 00 54 e0 07 b7 a9 e2 0f 01 a9
0x0000ffff9513fc3c:   e4 17 02 a9 e6 1f 03 a9 ea 2f 04 a9 ec 37 05 a9
0x0000ffff9513fc4c:   ee 3f 06 a9 f0 47 07 a9 f2 7f 08 a9 ff 83 00 d1 


Stack slot to memory mapping:

stack at sp + 0 slots: 0x0 is null
stack at sp + 1 slots: 0x0 is null
stack at sp + 2 slots: 0x300000ffffa6ffe1 is an unknown value
stack at sp + 3 slots: 0x729cdc769ecdb600 is an unknown value
stack at sp + 4 slots: 0x0000ffffa6ffe0e0 is pointing into the stack for thread: 0x0000ffffa0029de0
stack at sp + 5 slots: 0x0 is null
stack at sp + 6 slots: 0x0000000000000003 is an unknown value
stack at sp + 7 slots: 0x000000b800003140 is pointing into metadata

native method entry point (kind = native)  [0x0000ffff9513f7c0, 0x0000ffff9513fee0]  1824 bytes
[MachCode]
  0x0000ffff9513f7c0: 8205 40f9 | 425c 4079 | 986e 228b | 1823 00d1 | 9fee 7c92 | f4c3 01d1 | f603 1faa | f47f b9a9 
  0x0000ffff9513f7e0: ff7f 06a9 | 8809 40f9 | 4800 00b4 | 08e1 0491 | e833 03a9 | fd7b 05a9 | fd43 0191 | 9a05 40f9 
  0x0000ffff9513f800: 5a07 40f9 | 5a0b 40f9 | 0803 1dcb | 08fd 43d3 | e86b 01a9 | ff4f 04a9 | 8a05 40f9 | 4a05 40f9 
  0x0000ffff9513f820: 4a0d 40f9 | 4a39 40f9 | 4a01 40f9 | e843 00d1 | ea23 02a9 | 1f01 0091 | e903 40b2 | 89c7 1139 
  0x0000ffff9513f840: 8009 40f9 | 0001 00b4 | 08fc 40b9 | 0809 0091 | 08fc 00b9 | 0910 41b9 | 0801 09ea | e030 0054 
  0x0000ffff9513f860: 2400 0014 | 890d 40f9 | 8903 00b5 | e103 0caa | b683 1bf8 | e003 1caa | 2801 0010 | 88d3 01f9 
  0x0000ffff9513f880: 94cf 01f9 | 9dd7 01f9 | e833 bfa9 | 085a 95d2 | 48f0 b4f2 | e8ff dff2 | 0001 3fd6 | e833 c1a8 
  0x0000ffff9513f8a0: feff ff10 | 9fcf 01f9 | 9fd7 01f9 | 9fd3 01f9 | 8807 40f9 | a800 00b4 | 0810 8ed2 | 68a2 b2f2 
  0x0000ffff9513f8c0: e8ff dff2 | 0001 1fd6 | b6e3 7ba9 | b86f 388b | 890d 40f9 | e900 00b4 | 2809 40b9 | 0809 0091 
  0x0000ffff9513f8e0: 2809 00b9 | 211d 40b9 | 0801 01ea | 602c 0054 | 8873 42f9 | ff63 28eb | c805 0054 | e907 40d1 
  0x0000ffff9513f900: 3f01 00f9 | e90b 40d1 | 3f01 00f9 | e90f 40d1 | 3f01 00f9 | e913 40d1 | 3f01 00f9 | e917 40d1 
  0x0000ffff9513f920: 3f01 00f9 | e91b 40d1 | 3f01 00f9 | e91f 40d1 | 3f01 00f9 | e923 40d1 | 3f01 00f9 | e927 40d1 
  0x0000ffff9513f940: 3f01 00f9 | e92b 40d1 | 3f01 00f9 | e92f 40d1 | 3f01 00f9 | e933 40d1 | 3f01 00f9 | e937 40d1 
  0x0000ffff9513f960: 3f01 00f9 | e93b 40d1 | 3f01 00f9 | e93f 40d1 | 3f01 00f9 | e943 40d1 | 3f01 00f9 | e947 40d1 
  0x0000ffff9513f980: 3f01 00f9 | e94b 40d1 | 3f01 00f9 | e94f 40d1 | 3f01 00f9 | e953 40d1 | 3f01 00f9 | 886f 42f9 
  0x0000ffff9513f9a0: ff63 28eb | 6900 0054 | e803 0091 | 8873 02f9 | 9fc7 1139 | 4893 0990 | 0895 4e39 | 2801 0034 
  0x0000ffff9513f9c0: a183 5ef8 | e003 1caa | e833 bfa9 | 086e 9dd2 | c8f8 b4f2 | e8ff dff2 | 0001 3fd6 | e833 c1a8 
  0x0000ffff9513f9e0: 9105 40f9 | 315e 4079 | 886e 31cb | 1fed 7c92 | f403 08aa | 9131 40f9 | 7103 00b5 | e103 0caa 
  0x0000ffff9513fa00: b683 1bf8 | e003 1caa | 2801 0010 | 88d3 01f9 | 94cf 01f9 | 9dd7 01f9 | e833 bfa9 | 089e 99d2 
  0x0000ffff9513fa20: 48f0 b4f2 | e8ff dff2 | 0001 3fd6 | e833 c1a8 | feff ff10 | 9fcf 01f9 | 9fd7 01f9 | 9fd3 01f9 
  0x0000ffff9513fa40: 8807 40f9 | a800 00b4 | 0810 8ed2 | 68a2 b2f2 | e8ff dff2 | 0001 1fd6 | b6e3 7ba9 | b86f 388b 
  0x0000ffff9513fa60: 9131 40f9 | 2002 3fd6 | ac83 5ef8 | f303 00aa | 9129 40b9 | 1101 1836 | 9105 40f9 | 3106 40f9 
  0x0000ffff9513fa80: 310e 40f9 | 313a 40f9 | 3102 40f9 | b10f 00f9 | a163 0091 | 8a2d 40f9 | 092a 9ad2 | c9f8 b4f2 
  0x0000ffff9513faa0: e9ff dff2 | 2901 40f9 | 5f01 09eb | 8103 0054 | e103 0caa | b683 1bf8 | e003 1caa | 2801 0010 
  0x0000ffff9513fac0: 88d3 01f9 | 94cf 01f9 | 9dd7 01f9 | e833 bfa9 | 089e 99d2 | 48f0 b4f2 | e8ff dff2 | 0001 3fd6 
  0x0000ffff9513fae0: e833 c1a8 | feff ff10 | 9fcf 01f9 | 9fd7 01f9 | 9fd3 01f9 | 8807 40f9 | a800 00b4 | 0810 8ed2 
  0x0000ffff9513fb00: 68a2 b2f2 | e8ff dff2 | 0001 1fd6 | b6e3 7ba9 | b86f 388b | ac83 5ef8 | 8a2d 40f9 | 80e3 0e91 
  0x0000ffff9513fb20: 0801 0010 | 88d3 01f9 | 94cf 01f9 | 9dd7 01f9 | e803 7eb2 | 8913 1191 | 28fd 9f88 | 4001 3fd6 
  0x0000ffff9513fb40: ac83 5ef8 | 8882 00d1 | 1fed 7c92 | 800e 1ffc | 9f8e 1ff8 | 808e 1ff8 | e803 1f2a | e8e3 3004 
  0x0000ffff9513fb60: 1f05 0031 | 8000 0054 | c1d5 bbd4 | f0be f9a7 | ffff 0000 | a800 80d2 | 8913 1191 | 28fd 9f88 
  0x0000ffff9513fb80: bf3b 03d5 | 8823 1191 | 08fd dfc8 | bf03 08eb | 6800 0054 | 8943 44b9 | 6901 00b4 | e003 1caa 
  0x0000ffff9513fba0: 8984 9bd2 | 89f0 b4f2 | e9ff dff2 | 2001 3fd6 | ac83 5ef8 | 1b1e 89d2 | db06 b5f2 | fbff dff2 
  0x0000ffff9513fbc0: 7b03 40f9 | e803 7db2 | 8913 1191 | 28fd 9f88 | 9fcf 01f9 | 9fd7 01f9 | 9fd3 01f9 | 9117 42f9 
  0x0000ffff9513fbe0: 3f82 00f9 | d1e8 fe10 | 3f02 13eb | c101 0054 | 8006 41f8 | 2001 00b4 | 1f04 40f2 | 6100 0054 
  0x0000ffff9513fc00: 0000 40f9 | 0500 0014 | 6000 0037 | 00e0 5ff8 | 0200 0014 | 00f0 5ff8 | a00f 00f9 | 9f8e 1ff8 
  0x0000ffff9513fc20: 808e 1ff8 | 8803 1391 | 0801 40b9 | 1f09 00f1 | e104 0054 | e007 b7a9 | e20f 01a9 | e417 02a9 
  0x0000ffff9513fc40: e61f 03a9 | ea2f 04a9 | ec37 05a9 | ee3f 06a9 | f047 07a9 | f27f 08a9 | ff83 00d1 | e8eb 7bb2 
  0x0000ffff9513fc60: fc2f 880c | f82f 880c | f42f 880c | f02f 880c | e42f 880c | e02f 000c | e003 1caa | 896c 9fd2 
  0x0000ffff9513fc80: c9f8 b4f2 | e9ff dff2 | 2001 3fd6 | e02f df0c | e42f df0c | f02f df0c | f42f df0c | f82f df0c 
  0x0000ffff9513fca0: fc2f df0c | e7e3 1825 | e20f 41a9 | e417 42a9 | e61f 43a9 | ea2f 44a9 | ec37 45a9 | ee3f 46a9 
  0x0000ffff9513fcc0: f047 47a9 | f27f 48a9 | e007 c9a8 | ac83 5ef8 | 9605 40f9 | d6e2 0091 | 8807 40f9 | 8803 00b4 
  0x0000ffff9513fce0: b683 1bf8 | e003 1caa | 2801 0010 | 88d3 01f9 | 94cf 01f9 | 9dd7 01f9 | e833 bfa9 | 0848 93d2 
  0x0000ffff9513fd00: 48f0 b4f2 | e8ff dff2 | 0001 3fd6 | e833 c1a8 | feff ff10 | 9fcf 01f9 | 9fd7 01f9 | 9fd3 01f9 
  0x0000ffff9513fd20: 8807 40f9 | a800 00b4 | 0810 8ed2 | 68a2 b2f2 | e8ff dff2 | 0001 1fd6 | b6e3 7ba9 | b86f 388b 
  0x0000ffff9513fd40: c1d5 bbd4 | d071 f4a7 | ffff 0000 | 9129 40b9 | f106 2836 | a183 01d1 | 3104 40f9 | 9103 00b5 
  0x0000ffff9513fd60: b683 1bf8 | e003 1caa | 2801 0010 | 88d3 01f9 | 94cf 01f9 | 9dd7 01f9 | e833 bfa9 | 885e 94d2 
  0x0000ffff9513fd80: 48f0 b4f2 | e8ff dff2 | 0001 3fd6 | e833 c1a8 | feff ff10 | 9fcf 01f9 | 9fd7 01f9 | 9fd3 01f9 
  0x0000ffff9513fda0: 8807 40f9 | a800 00b4 | 0810 8ed2 | 68a2 b2f2 | e8ff dff2 | 0001 1fd6 | b6e3 7ba9 | b86f 388b 
  0x0000ffff9513fdc0: c1d5 bbd4 | d071 f4a7 | ffff 0000 | b683 1bf8 | 2000 00d1 | 2304 40f9 | 3f04 00f9 | 0200 40f9 
  0x0000ffff9513fde0: e201 00b4 | e803 00aa | 62fc e0c8 | 1f01 00eb | 6001 0054 | bf3b 03d5 | 2304 00f9 | e003 01aa 
  0x0000ffff9513fe00: e833 bfa9 | 084a 94d2 | 48f0 b4f2 | e8ff dff2 | 0001 3fd6 | e833 c1a8 | 0400 0014 | 88a7 42f9 
  0x0000ffff9513fe20: 0805 00d1 | 88a7 02f9 | b683 5bf8 | 4893 0990 | 0895 4e39 | 2801 0034 | a183 5ef8 | e003 1caa 
  0x0000ffff9513fe40: e833 bfa9 | 0890 9dd2 | c8f8 b4f2 | e8ff dff2 | 0001 3fd6 | e833 c1a8 | 8006 41f8 | 8006 41fc 
  0x0000ffff9513fe60: 6002 3fd6 | b483 5ff8 | bf03 0091 | fd7b c1a8 | 9f02 0091 | c003 5fd6 | 0100 80d2 | b683 1bf8 
  0x0000ffff9513fe80: e003 1caa | 2801 0010 | 88d3 01f9 | 94cf 01f9 | 9dd7 01f9 | e833 bfa9 | 08a0 9ad2 | 48f0 b4f2 
  0x0000ffff9513fea0: e8ff dff2 | 0001 3fd6 | e833 c1a8 | feff ff10 | 9fcf 01f9 | 9fd7 01f9 | 9fd3 01f9 | 8807 40f9 
  0x0000ffff9513fec0: a800 00b4 | 0810 8ed2 | 68a2 b2f2 | e8ff dff2 | 0001 1fd6 | b6e3 7ba9 | b86f 388b | 85fe ff17 
[/MachCode]

---------------  P R O C E S S  ---------------

Threads class SMR info:
_java_thread_list=0x0000ffffa0051050, length=1, elements={
0x0000ffffa0029de0
}

Java Threads: ( => current thread )
=>0x0000ffffa0029de0 JavaThread "Unknown thread"             [_thread_in_native, id=1045, stack(0x0000ffffa6e02000,0x0000ffffa7000000) (2040K)]
Total: 1

Other Threads:
  0x0000ffffa01a8790 VMThread "VM Thread"                           [id=1049, stack(0x0000ffff87d01000,0x0000ffff87eff000) (2040K)]
  0x0000ffffa00501a0 WatcherThread "VM Periodic Task Thread"        [id=1048, stack(0x0000ffffa4126000,0x0000ffffa4324000) (2040K)]
  0x0000ffffa0041450 WorkerThread "GC Thread#0"                     [id=1046, stack(0x0000ffffa6602000,0x0000ffffa6800000) (2040K)]
Total: 3

Threads with active compile tasks:
Total: 0

VM state: not at safepoint (normal execution)

VM Mutex/Monitor currently owned by a thread: None

Heap address: 0x00000000c0000000, size: 1024 MB, Compressed Oops mode: 32-bit

CDS archive(s) mapped at: [0x000000b800000000-0x000000b800bc0000-0x000000b800bc0000), size 12320768, SharedBaseAddress: 0x000000b800000000, ArchiveRelocationMode: 1.
Compressed class space mapped at: 0x000000b801000000-0x000000b841000000, reserved size: 1073741824
Narrow klass base: 0x000000b800000000, Narrow klass shift: 0, Narrow klass range: 0x100000000

GC Precious Log:
 CardTable entry size: 512
 CPUs: 12 total, 12 available
 Memory: 7836M
 Large Page Support: Disabled
 NUMA Support: Disabled
 Compressed Oops: Enabled (32-bit)
 Alignments: Space 512K, Generation 512K, Heap 2M
 Heap Min Capacity: 100M
 Heap Initial Capacity: 100M
 Heap Max Capacity: 1G
 Pre-touch: Disabled
 Parallel Workers: 10

Heap:
 PSYoungGen      total 29696K, used 512K [0x00000000eab00000, 0x00000000ecc00000, 0x0000000100000000)
  eden space 25600K, 2% used [0x00000000eab00000,0x00000000eab80010,0x00000000ec400000)
  from space 4096K, 0% used [0x00000000ec800000,0x00000000ec800000,0x00000000ecc00000)
  to   space 4096K, 0% used [0x00000000ec400000,0x00000000ec400000,0x00000000ec800000)
 ParOldGen       total 68608K, used 1073K [0x00000000c0000000, 0x00000000c4300000, 0x00000000eab00000)
  object space 68608K, 1% used [0x00000000c0000000,0x00000000c010c670,0x00000000c4300000)
 Metaspace       used 1K, committed 128K, reserved 1114112K
  class space    used 0K, committed 64K, reserved 1048576K

Card table byte_map: [0x0000ffffa6800000,0x0000ffffa6a01000] _byte_map_base: 0x0000ffffa6200000

Marking Bits: (ParMarkBitMap*) 0x0000ffffa83ed9f8
 Begin Bits: [0x0000ffffa4600000, 0x0000ffffa5600000)
 End Bits:   [0x0000ffffa5600000, 0x0000ffffa6600000)

Polling page: 0x0000ffffa877a000

Metaspace:

Usage:
  Non-class:    304 bytes used.
      Class:    976 bytes used.
       Both:      1.25 KB used.

Virtual space:
  Non-class space:       64.00 MB reserved,      64.00 KB ( <1%) committed,  1 nodes.
      Class space:        1.00 GB reserved,      64.00 KB ( <1%) committed,  1 nodes.
             Both:        1.06 GB reserved,     128.00 KB ( <1%) committed. 

Chunk freelists:
   Non-Class:  12.00 MB
       Class:  15.75 MB
        Both:  27.75 MB

MaxMetaspaceSize: unlimited
CompressedClassSpaceSize: 1.00 GB
Initial GC threshold: 21.00 MB
Current GC threshold: 17179869184.00 GB
CDS: on
 - commit_granule_bytes: 65536.
 - commit_granule_words: 8192.
 - virtual_space_node_default_size: 8388608.
 - enlarge_chunks_in_place: 1.
 - use_allocation_guard: 0.


Internal statistics:

num_allocs_failed_limit: 0.
num_arena_births: 2.
num_arena_deaths: 0.
num_vsnodes_births: 2.
num_vsnodes_deaths: 0.
num_space_committed: 2.
num_space_uncommitted: 0.
num_chunks_returned_to_freelist: 0.
num_chunks_taken_from_freelist: 3.
num_chunk_merges: 0.
num_chunk_splits: 2.
num_chunks_enlarged: 0.
num_inconsistent_stats: 0.

CodeHeap 'non-profiled nmethods': size=120028Kb used=0Kb max_used=0Kb free=120028Kb
 bounds [0x0000ffff956c9000, 0x0000ffff95939000, 0x0000ffff9cc00000]
CodeHeap 'profiled nmethods': size=120028Kb used=0Kb max_used=0Kb free=120028Kb
 bounds [0x0000ffff8dc00000, 0x0000ffff8de70000, 0x0000ffff95137000]
CodeHeap 'non-nmethods': size=5704Kb used=365Kb max_used=365Kb free=5338Kb
 bounds [0x0000ffff95137000, 0x0000ffff953a7000, 0x0000ffff956c9000]
 total_blobs=92 nmethods=0 adapters=67
 compilation: enabled
              stopped_count=0, restarted_count=0
 full_count=0

Compilation events (0 events):
No events

GC Heap History (0 events):
No events

Dll operation events (1 events):
Event: 0.002 Loaded shared library /home/vscode/.cursor-server/extensions/redhat.java-1.39.0-linux-arm64/jre/21.0.5-linux-aarch64/lib/libjava.so

Deoptimization events (0 events):
No events

Classes loaded (0 events):
No events

Classes unloaded (0 events):
No events

Classes redefined (0 events):
No events

Internal exceptions (0 events):
No events

ZGC Phase Switch (0 events):
No events

VM Operations (0 events):
No events

Memory protections (1 events):
Event: 0.002 Protecting memory [0x0000ffffa6e02000,0x0000ffffa6e06000] with protection modes 0

Nmethod flushes (0 events):
No events

Events (1 events):
Event: 0.010 Thread 0x0000ffffa0029de0 Thread added: 0x0000ffffa0029de0


Dynamic libraries:
c0000000-c4300000 rw-p 00000000 00:00 0 
c4300000-eab00000 ---p 00000000 00:00 0 
eab00000-ecc00000 rw-p 00000000 00:00 0 
ecc00000-100000000 ---p 00000000 00:00 0 
b800000000-b800480000 rw-p 00010000 00:51 277205                         /home/vscode/.cursor-server/extensions/redhat.java-1.39.0-linux-arm64/jre/21.0.5-linux-aarch64/lib/server/classes.jsa
b800480000-b800bc0000 rw-p 00490000 00:51 277205                         /home/vscode/.cursor-server/extensions/redhat.java-1.39.0-linux-arm64/jre/21.0.5-linux-aarch64/lib/server/classes.jsa
b800bc0000-b801040000 ---p 00000000 00:00 0 
b801040000-b801050000 rw-p 00000000 00:00 0 
b801050000-b841000000 ---p 00000000 00:00 0 
aaaac60c0000-aaaac60c1000 r-xp 00000000 00:51 276780                     /home/vscode/.cursor-server/extensions/redhat.java-1.39.0-linux-arm64/jre/21.0.5-linux-aarch64/bin/java
aaaac60df000-aaaac60e0000 r--p 0000f000 00:51 276780                     /home/vscode/.cursor-server/extensions/redhat.java-1.39.0-linux-arm64/jre/21.0.5-linux-aarch64/bin/java
aaaac60e0000-aaaac60e1000 rw-p 00010000 00:51 276780                     /home/vscode/.cursor-server/extensions/redhat.java-1.39.0-linux-arm64/jre/21.0.5-linux-aarch64/bin/java
aaaae9cdb000-aaaae9d23000 rw-p 00000000 00:00 0                          [heap]
ffff78000000-ffff78021000 rw-p 00000000 00:00 0 
ffff78021000-ffff7c000000 ---p 00000000 00:00 0 
ffff7c000000-ffff7c010000 rw-p 00000000 00:00 0 
ffff7c010000-ffff80000000 ---p 00000000 00:00 0 
ffff80000000-ffff80021000 rw-p 00000000 00:00 0 
ffff80021000-ffff84000000 ---p 00000000 00:00 0 
ffff87600000-ffff878c2000 rw-p 00000000 00:00 0 
ffff87a00000-ffff87c07000 rw-p 00000000 00:00 0 
ffff87d00000-ffff87d01000 ---p 00000000 00:00 0 
ffff87d01000-ffff87eff000 rw-p 00000000 00:00 0 
ffff87eff000-ffff88000000 rw-p 00000000 00:00 0 
ffff88000000-ffff88021000 rw-p 00000000 00:00 0 
ffff88021000-ffff8c000000 ---p 00000000 00:00 0 
ffff8c0e5000-ffff8dc00000 rw-p 00000000 00:00 0 
ffff8dc00000-ffff8de70000 rwxp 00000000 00:00 0 
ffff8de70000-ffff95137000 ---p 00000000 00:00 0 
ffff95137000-ffff953a7000 rwxp 00000000 00:00 0 
ffff953a7000-ffff956c9000 ---p 00000000 00:00 0 
ffff956c9000-ffff95939000 rwxp 00000000 00:00 0 
ffff95939000-ffff9cc00000 ---p 00000000 00:00 0 
ffff9cc00000-ffff9feca000 r--s 00000000 00:51 277195                     /home/vscode/.cursor-server/extensions/redhat.java-1.39.0-linux-arm64/jre/21.0.5-linux-aarch64/lib/modules
ffff9feff000-ffffa0000000 rw-p 00000000 00:00 0 
ffffa0000000-ffffa01c6000 rw-p 00000000 00:00 0 
ffffa01c6000-ffffa4000000 ---p 00000000 00:00 0 
ffffa4024000-ffffa4125000 rw-p 00000000 00:00 0 
ffffa4125000-ffffa4126000 ---p 00000000 00:00 0 
ffffa4126000-ffffa4324000 rw-p 00000000 00:00 0 
ffffa4324000-ffffa6600000 rw-p 00000000 00:00 0 
ffffa6601000-ffffa6602000 ---p 00000000 00:00 0 
ffffa6602000-ffffa6800000 rw-p 00000000 00:00 0 
ffffa6800000-ffffa6822000 rw-p 00000000 00:00 0 
ffffa6822000-ffffa6955000 ---p 00000000 00:00 0 
ffffa6955000-ffffa6966000 rw-p 00000000 00:00 0 
ffffa6966000-ffffa6a01000 ---p 00000000 00:00 0 
ffffa6a3f000-ffffa6ab6000 rw-p 00000000 00:00 0 
ffffa6ab6000-ffffa6bea000 ---p 00000000 00:00 0 
ffffa6bea000-ffffa6bef000 rw-p 00000000 00:00 0 
ffffa6bef000-ffffa6cd5000 ---p 00000000 00:00 0 
ffffa6cd5000-ffffa6cda000 rw-p 00000000 00:00 0 
ffffa6cda000-ffffa6dc0000 ---p 00000000 00:00 0 
ffffa6dc0000-ffffa6de1000 r-xp 00000000 00:51 277171                     /home/vscode/.cursor-server/extensions/redhat.java-1.39.0-linux-arm64/jre/21.0.5-linux-aarch64/lib/libjava.so
ffffa6de1000-ffffa6dff000 ---p 00021000 00:51 277171                     /home/vscode/.cursor-server/extensions/redhat.java-1.39.0-linux-arm64/jre/21.0.5-linux-aarch64/lib/libjava.so
ffffa6dff000-ffffa6e00000 r--p 0002f000 00:51 277171                     /home/vscode/.cursor-server/extensions/redhat.java-1.39.0-linux-arm64/jre/21.0.5-linux-aarch64/lib/libjava.so
ffffa6e00000-ffffa6e01000 rw-p 00030000 00:51 277171                     /home/vscode/.cursor-server/extensions/redhat.java-1.39.0-linux-arm64/jre/21.0.5-linux-aarch64/lib/libjava.so
ffffa6e01000-ffffa6e02000 rw-p 00000000 00:00 0 
ffffa6e02000-ffffa6e06000 ---p 00000000 00:00 0 
ffffa6e06000-ffffa7000000 rw-p 00000000 00:00 0 
ffffa7000000-ffffa8265000 r-xp 00000000 00:51 277207                     /home/vscode/.cursor-server/extensions/redhat.java-1.39.0-linux-arm64/jre/21.0.5-linux-aarch64/lib/server/libjvm.so
ffffa8265000-ffffa8282000 ---p 01265000 00:51 277207                     /home/vscode/.cursor-server/extensions/redhat.java-1.39.0-linux-arm64/jre/21.0.5-linux-aarch64/lib/server/libjvm.so
ffffa8282000-ffffa8360000 r--p 01272000 00:51 277207                     /home/vscode/.cursor-server/extensions/redhat.java-1.39.0-linux-arm64/jre/21.0.5-linux-aarch64/lib/server/libjvm.so
ffffa8360000-ffffa8392000 rw-p 01350000 00:51 277207                     /home/vscode/.cursor-server/extensions/redhat.java-1.39.0-linux-arm64/jre/21.0.5-linux-aarch64/lib/server/libjvm.so
ffffa8392000-ffffa841b000 rw-p 00000000 00:00 0 
ffffa841b000-ffffa8422000 ---p 00000000 00:00 0 
ffffa8422000-ffffa842a000 rw-s 00000000 00:51 283782                     /tmp/hsperfdata_vscode/1039
ffffa842a000-ffffa8435000 r-xp 00000000 00:51 230734                     /lib/aarch64-linux-gnu/libnss_files-2.31.so
ffffa8435000-ffffa8445000 ---p 0000b000 00:51 230734                     /lib/aarch64-linux-gnu/libnss_files-2.31.so
ffffa8445000-ffffa8446000 r--p 0000b000 00:51 230734                     /lib/aarch64-linux-gnu/libnss_files-2.31.so
ffffa8446000-ffffa8447000 rw-p 0000c000 00:51 230734                     /lib/aarch64-linux-gnu/libnss_files-2.31.so
ffffa8447000-ffffa844d000 rw-p 00000000 00:00 0 
ffffa8452000-ffffa845d000 r-xp 00000000 00:51 277166                     /home/vscode/.cursor-server/extensions/redhat.java-1.39.0-linux-arm64/jre/21.0.5-linux-aarch64/lib/libinstrument.so
ffffa845d000-ffffa8471000 ---p 0000b000 00:51 277166                     /home/vscode/.cursor-server/extensions/redhat.java-1.39.0-linux-arm64/jre/21.0.5-linux-aarch64/lib/libinstrument.so
ffffa8471000-ffffa8472000 r--p 0000f000 00:51 277166                     /home/vscode/.cursor-server/extensions/redhat.java-1.39.0-linux-arm64/jre/21.0.5-linux-aarch64/lib/libinstrument.so
ffffa8472000-ffffa8473000 rw-p 00010000 00:51 277166                     /home/vscode/.cursor-server/extensions/redhat.java-1.39.0-linux-arm64/jre/21.0.5-linux-aarch64/lib/libinstrument.so
ffffa8473000-ffffa848e000 r-xp 00000000 00:51 277175                     /home/vscode/.cursor-server/extensions/redhat.java-1.39.0-linux-arm64/jre/21.0.5-linux-aarch64/lib/libjimage.so
ffffa848e000-ffffa84a1000 ---p 0001b000 00:51 277175                     /home/vscode/.cursor-server/extensions/redhat.java-1.39.0-linux-arm64/jre/21.0.5-linux-aarch64/lib/libjimage.so
ffffa84a1000-ffffa84a3000 r--p 0001e000 00:51 277175                     /home/vscode/.cursor-server/extensions/redhat.java-1.39.0-linux-arm64/jre/21.0.5-linux-aarch64/lib/libjimage.so
ffffa84a3000-ffffa84a4000 rw-p 00020000 00:51 277175                     /home/vscode/.cursor-server/extensions/redhat.java-1.39.0-linux-arm64/jre/21.0.5-linux-aarch64/lib/libjimage.so
ffffa84a4000-ffffa853d000 r-xp 00000000 00:51 230707                     /lib/aarch64-linux-gnu/libm-2.31.so
ffffa853d000-ffffa854d000 ---p 00099000 00:51 230707                     /lib/aarch64-linux-gnu/libm-2.31.so
ffffa854d000-ffffa854e000 r--p 00099000 00:51 230707                     /lib/aarch64-linux-gnu/libm-2.31.so
ffffa854e000-ffffa854f000 rw-p 0009a000 00:51 230707                     /lib/aarch64-linux-gnu/libm-2.31.so
ffffa854f000-ffffa8556000 r-xp 00000000 00:51 230770                     /lib/aarch64-linux-gnu/librt-2.31.so
ffffa8556000-ffffa8565000 ---p 00007000 00:51 230770                     /lib/aarch64-linux-gnu/librt-2.31.so
ffffa8565000-ffffa8566000 r--p 00006000 00:51 230770                     /lib/aarch64-linux-gnu/librt-2.31.so
ffffa8566000-ffffa8567000 rw-p 00007000 00:51 230770                     /lib/aarch64-linux-gnu/librt-2.31.so
ffffa8567000-ffffa86c3000 r-xp 00000000 00:51 230662                     /lib/aarch64-linux-gnu/libc-2.31.so
ffffa86c3000-ffffa86d2000 ---p 0015c000 00:51 230662                     /lib/aarch64-linux-gnu/libc-2.31.so
ffffa86d2000-ffffa86d6000 r--p 0015b000 00:51 230662                     /lib/aarch64-linux-gnu/libc-2.31.so
ffffa86d6000-ffffa86d8000 rw-p 0015f000 00:51 230662                     /lib/aarch64-linux-gnu/libc-2.31.so
ffffa86d8000-ffffa86db000 rw-p 00000000 00:00 0 
ffffa86db000-ffffa86de000 r-xp 00000000 00:51 230677                     /lib/aarch64-linux-gnu/libdl-2.31.so
ffffa86de000-ffffa86ed000 ---p 00003000 00:51 230677                     /lib/aarch64-linux-gnu/libdl-2.31.so
ffffa86ed000-ffffa86ee000 r--p 00002000 00:51 230677                     /lib/aarch64-linux-gnu/libdl-2.31.so
ffffa86ee000-ffffa86ef000 rw-p 00003000 00:51 230677                     /lib/aarch64-linux-gnu/libdl-2.31.so
ffffa86ef000-ffffa870b000 r-xp 00000000 00:51 230762                     /lib/aarch64-linux-gnu/libpthread-2.31.so
ffffa870b000-ffffa871a000 ---p 0001c000 00:51 230762                     /lib/aarch64-linux-gnu/libpthread-2.31.so
ffffa871a000-ffffa871b000 r--p 0001b000 00:51 230762                     /lib/aarch64-linux-gnu/libpthread-2.31.so
ffffa871b000-ffffa871c000 rw-p 0001c000 00:51 230762                     /lib/aarch64-linux-gnu/libpthread-2.31.so
ffffa871c000-ffffa8720000 rw-p 00000000 00:00 0 
ffffa8720000-ffffa8738000 r-xp 00000000 00:51 277176                     /home/vscode/.cursor-server/extensions/redhat.java-1.39.0-linux-arm64/jre/21.0.5-linux-aarch64/lib/libjli.so
ffffa8738000-ffffa874f000 ---p 00018000 00:51 277176                     /home/vscode/.cursor-server/extensions/redhat.java-1.39.0-linux-arm64/jre/21.0.5-linux-aarch64/lib/libjli.so
ffffa874f000-ffffa8750000 r--p 0001f000 00:51 277176                     /home/vscode/.cursor-server/extensions/redhat.java-1.39.0-linux-arm64/jre/21.0.5-linux-aarch64/lib/libjli.so
ffffa8750000-ffffa8751000 rw-p 00020000 00:51 277176                     /home/vscode/.cursor-server/extensions/redhat.java-1.39.0-linux-arm64/jre/21.0.5-linux-aarch64/lib/libjli.so
ffffa8751000-ffffa8772000 r-xp 00000000 00:51 230634                     /lib/aarch64-linux-gnu/ld-2.31.so
ffffa8776000-ffffa8778000 rw-p 00000000 00:00 0 
ffffa877a000-ffffa877b000 ---p 00000000 00:00 0 
ffffa877b000-ffffa877c000 r--p 00000000 00:00 0 
ffffa877c000-ffffa877d000 ---p 00000000 00:00 0 
ffffa877d000-ffffa877f000 rw-p 00000000 00:00 0 
ffffa877f000-ffffa8781000 r--p 00000000 00:00 0                          [vvar]
ffffa8781000-ffffa8782000 r-xp 00000000 00:00 0                          [vdso]
ffffa8782000-ffffa8783000 r--p 00021000 00:51 230634                     /lib/aarch64-linux-gnu/ld-2.31.so
ffffa8783000-ffffa8785000 rw-p 00022000 00:51 230634                     /lib/aarch64-linux-gnu/ld-2.31.so
ffffc50d6000-ffffc50f7000 rw-p 00000000 00:00 0                          [stack]
Total number of mappings: 117


VM Arguments:
jvm_args: --add-modules=ALL-SYSTEM --add-opens=java.base/java.util=ALL-UNNAMED --add-opens=java.base/java.lang=ALL-UNNAMED --add-opens=java.base/sun.nio.fs=ALL-UNNAMED -Declipse.application=org.eclipse.jdt.ls.core.id1 -Dosgi.bundles.defaultStartLevel=4 -Declipse.product=org.eclipse.jdt.ls.core.product -Djava.import.generatesMetadataFilesAtProjectRoot=false -DDetectVMInstallationsJob.disabled=true -Dfile.encoding=utf8 -XX:+UseParallelGC -XX:GCTimeRatio=4 -XX:AdaptiveSizePolicyWeight=90 -Dsun.zip.disableMemoryMapping=true -Xmx1G -Xms100m -Xlog:disable -javaagent:/home/vscode/.cursor-server/extensions/redhat.java-1.39.0-linux-arm64/lombok/lombok-1.18.34.jar 
java_command: /home/vscode/.cursor-server/extensions/redhat.java-1.39.0-linux-arm64/server/plugins/org.eclipse.equinox.launcher_1.6.900.v20240613-2009.jar -configuration /home/vscode/.cursor-server/data/User/globalStorage/redhat.java/1.39.0/config_ss_linux -data /home/vscode/.cursor-server/data/User/workspaceStorage/57858ffc68f7f2b09990cc23a9f76c91/redhat.java/ss_ws --pipe=/tmp/lsp-09de5ff0c381028f7e31dd527ee86dea.sock
java_class_path (initial): /home/vscode/.cursor-server/extensions/redhat.java-1.39.0-linux-arm64/server/plugins/org.eclipse.equinox.launcher_1.6.900.v20240613-2009.jar
Launcher Type: SUN_STANDARD

[Global flags]
    uintx AdaptiveSizePolicyWeight                 = 90                                        {product} {command line}
     intx CICompilerCount                          = 4                                         {product} {ergonomic}
    uintx GCTimeRatio                              = 4                                         {product} {command line}
   size_t InitialHeapSize                          = 104857600                                 {product} {command line}
   size_t MaxHeapSize                              = 1073741824                                {product} {command line}
   size_t MaxNewSize                               = 357564416                                 {product} {ergonomic}
   size_t MinHeapDeltaBytes                        = 524288                                    {product} {ergonomic}
   size_t MinHeapSize                              = 104857600                                 {product} {command line}
   size_t NewSize                                  = 34603008                                  {product} {ergonomic}
    uintx NonNMethodCodeHeapSize                   = 5839564                                {pd product} {ergonomic}
    uintx NonProfiledCodeHeapSize                  = 122909338                              {pd product} {ergonomic}
   size_t OldSize                                  = 70254592                                  {product} {ergonomic}
    uintx ProfiledCodeHeapSize                     = 122909338                              {pd product} {ergonomic}
    uintx ReservedCodeCacheSize                    = 251658240                              {pd product} {ergonomic}
     bool SegmentedCodeCache                       = true                                      {product} {ergonomic}
   size_t SoftMaxHeapSize                          = 1073741824                             {manageable} {ergonomic}
     bool UseCompressedOops                        = true                           {product lp64_product} {ergonomic}
     bool UseParallelGC                            = true                                      {product} {command line}

Logging:
Log output configuration:
 #0: stdout all=off uptime,level,tags foldmultilines=false
 #1: stderr all=off uptime,level,tags foldmultilines=false

Environment Variables:
JAVA_HOME=/usr/lib/jvm/msopenjdk-current
PATH=/vscode/cursor-server/bin/linux-arm64/f5f18731406b73244e0558ee7716d77c8096d150/bin/remote-cli:/usr/local/sdkman/bin:/usr/local/sdkman/candidates/java/current/bin:/usr/local/sdkman/candidates/gradle/current/bin:/usr/local/sdkman/candidates/maven/current/bin:/usr/local/sdkman/candidates/ant/current/bin:/usr/local/share/nvm/current/bin:/usr/local/sdkman/bin:/usr/local/sdkman/candidates/java/current/bin:/usr/local/sdkman/candidates/gradle/current/bin:/usr/local/sdkman/candidates/maven/current/bin:/usr/local/sdkman/candidates/ant/current/bin:/usr/lib/jvm/msopenjdk-current/bin:/usr/local/sdkman/bin:/usr/local/sdkman/candidates/java/current/bin:/usr/local/sdkman/candidates/gradle/current/bin:/usr/local/sdkman/candidates/maven/current/bin:/usr/local/sdkman/candidates/ant/current/bin:/usr/local/share/nvm/current/bin:/usr/local/sdkman/bin:/usr/local/sdkman/candidates/java/current/bin:/usr/local/sdkman/candidates/gradle/current/bin:/usr/local/sdkman/candidates/maven/current/bin:/usr/local/sdkman/candidates/ant/current/bin:/usr/lib/jvm/msopenjdk-current/bin:/usr/local/sbin:/usr/local/bin:/usr/sbin:/usr/bin:/sbin:/bin:/home/vscode/.local/bin
SHELL=/bin/bash
LANG=en_US.UTF-8

Active Locale:
LC_ALL=C
LC_COLLATE=C
LC_CTYPE=C
LC_MESSAGES=C
LC_MONETARY=C
LC_NUMERIC=C
LC_TIME=C

Signal Handlers:
   SIGSEGV: crash_handler in libjvm.so, mask=11100100010111111101111111111110, flags=SA_RESTART|SA_SIGINFO, unblocked
    SIGBUS: crash_handler in libjvm.so, mask=11100100010111111101111111111110, flags=SA_RESTART|SA_SIGINFO, unblocked
    SIGFPE: crash_handler in libjvm.so, mask=11100100010111111101111111111110, flags=SA_RESTART|SA_SIGINFO, unblocked
   SIGPIPE: javaSignalHandler in libjvm.so, mask=11100100010111111101111111111110, flags=SA_RESTART|SA_SIGINFO, blocked
   SIGXFSZ: javaSignalHandler in libjvm.so, mask=11100100010111111101111111111110, flags=SA_RESTART|SA_SIGINFO, blocked
    SIGILL: crash_handler in libjvm.so, mask=11100100010111111101111111111110, flags=SA_RESTART|SA_SIGINFO, unblocked
   SIGUSR2: SR_handler in libjvm.so, mask=00000000000000000000000000000000, flags=SA_RESTART|SA_SIGINFO, blocked
    SIGHUP: SIG_DFL, mask=00000000000000000000000000000000, flags=none, blocked
    SIGINT: SIG_DFL, mask=00000000000000000000000000000000, flags=none, blocked
   SIGTERM: SIG_DFL, mask=00000000000000000000000000000000, flags=none, blocked
   SIGQUIT: UserHandler in libjvm.so, mask=11100100010111111101111111111110, flags=SA_RESTART|SA_SIGINFO, blocked
   SIGTRAP: crash_handler in libjvm.so, mask=11100100010111111101111111111110, flags=SA_RESTART|SA_SIGINFO, unblocked


Periodic native trim disabled

---------------  S Y S T E M  ---------------

OS:
PRETTY_NAME="Debian GNU/Linux 11 (bullseye)"
NAME="Debian GNU/Linux"
VERSION_ID="11"
VERSION="11 (bullseye)"
VERSION_CODENAME=bullseye
ID=debian
HOME_URL="https://www.debian.org/"
SUPPORT_URL="https://www.debian.org/support"
BUG_REPORT_URL="https://bugs.debian.org/"
uname: Linux 6.10.14-linuxkit #1 SMP Fri Nov 29 17:22:03 UTC 2024 aarch64
OS uptime: 1 days 2:54 hours
libc: glibc 2.31 NPTL 2.31 
rlimit (soft/hard): STACK 8192k/infinity , CORE 0k/infinity , NPROC infinity/infinity , NOFILE 1048576/1048576 , AS infinity/infinity , CPU infinity/infinity , DATA infinity/infinity , FSIZE infinity/infinity , MEMLOCK infinity/infinity
load average: 1.14 1.07 0.83

/proc/meminfo:
MemTotal:        8025084 kB
MemFree:          516296 kB
MemAvailable:    6458092 kB
Buffers:          273856 kB
Cached:          5194988 kB
SwapCached:            0 kB
Active:          1548620 kB
Inactive:        4935284 kB
Active(anon):     964188 kB
Inactive(anon):    61460 kB
Active(file):     584432 kB
Inactive(file):  4873824 kB
Unevictable:           0 kB
Mlocked:               0 kB
SwapTotal:       1048572 kB
SwapFree:        1048572 kB
Zswap:                 0 kB
Zswapped:              0 kB
Dirty:            406344 kB
Writeback:             0 kB
AnonPages:        979480 kB
Mapped:           245536 kB
Shmem:             10552 kB
KReclaimable:     686508 kB
Slab:             788044 kB
SReclaimable:     686508 kB
SUnreclaim:       101536 kB
KernelStack:        8464 kB
PageTables:        17988 kB
SecPageTables:         0 kB
NFS_Unstable:          0 kB
Bounce:                0 kB
WritebackTmp:          0 kB
CommitLimit:     5061112 kB
Committed_AS:    2753192 kB
VmallocTotal:   135288315904 kB
VmallocUsed:        5600 kB
VmallocChunk:          0 kB
Percpu:             4416 kB
AnonHugePages:    358400 kB
ShmemHugePages:        0 kB
ShmemPmdMapped:        0 kB
FileHugePages:         0 kB
FilePmdMapped:         0 kB
HugePages_Total:       0
HugePages_Free:        0
HugePages_Rsvd:        0
HugePages_Surp:        0
Hugepagesize:       2048 kB
Hugetlb:               0 kB

/sys/kernel/mm/transparent_hugepage/enabled: [always] madvise never
/sys/kernel/mm/transparent_hugepage/hpage_pmd_size: 2097152
/sys/kernel/mm/transparent_hugepage/defrag (defrag/compaction efforts parameter): always defer defer+madvise [madvise] never

Process Memory:
Virtual Size: 2848968K (peak: 2848988K)
Resident Set Size: 35840K (peak: 35840K) (anon: 20488K, file: 15352K, shmem: 0K)
Swapped out: 0K
C-Heap outstanding allocations: 38794K, retained: 606K
glibc malloc tunables: (default)

/proc/sys/kernel/threads-max (system-wide limit on the number of threads): 62646
/proc/sys/vm/max_map_count (maximum number of memory map areas a process may have): 262144
/proc/sys/vm/swappiness (control to define how aggressively the kernel swaps out anonymous memory): 60
/proc/sys/kernel/pid_max (system-wide limit on number of process identifiers): 99999

container (cgroup) information:
container_type: cgroupv2
cpu_cpuset_cpus: not supported
cpu_memory_nodes: not supported
active_processor_count: 12
cpu_quota: no quota
cpu_period: 100000
cpu_shares: no shares
memory_limit_in_bytes: unlimited
memory_and_swap_limit_in_bytes: unlimited
memory_soft_limit_in_bytes: unlimited
memory_usage_in_bytes: 1470512 k
memory_max_usage_in_bytes: not supported
memory_swap_current_in_bytes: unlimited
memory_swap_max_limit_in_bytes: unlimited
maximum number of tasks: unlimited
current number of tasks: 126

Steal ticks since vm start: 0
Steal ticks percentage since vm start:  0.000

CPU: total 12 (initial active 12) 0x61:0x0:0x000:0, fp, asimd, evtstrm, aes, pmull, sha1, sha256, crc32, lse, dcpop, sha3, sha512, paca, sve2
/proc/cpuinfo:
processor	: 0
BogoMIPS	: 48.00
Features	: fp asimd evtstrm aes pmull sha1 sha2 crc32 atomics fphp asimdhp cpuid asimdrdm jscvt fcma lrcpc dcpop sha3 asimddp sha512 asimdfhm dit uscat ilrcpc flagm sb paca pacg dcpodp sve2 flagm2 frint svei8mm svebf16 bf16 afp sme
CPU implementer	: 0x61
CPU architecture: 8
CPU variant	: 0x0
CPU part	: 0x000
CPU revision	: 0

processor	: 1
BogoMIPS	: 48.00
Features	: fp asimd evtstrm aes pmull sha1 sha2 crc32 atomics fphp asimdhp cpuid asimdrdm jscvt fcma lrcpc dcpop sha3 asimddp sha512 asimdfhm dit uscat ilrcpc flagm sb paca pacg dcpodp sve2 flagm2 frint svei8mm svebf16 bf16 afp sme
CPU implementer	: 0x61
CPU architecture: 8
CPU variant	: 0x0
CPU part	: 0x000
CPU revision	: 0

processor	: 2
BogoMIPS	: 48.00
Features	: fp asimd evtstrm aes pmull sha1 sha2 crc32 atomics fphp asimdhp cpuid asimdrdm jscvt fcma lrcpc dcpop sha3 asimddp sha512 asimdfhm dit uscat ilrcpc flagm sb paca pacg dcpodp sve2 flagm2 frint svei8mm svebf16 bf16 afp sme
CPU implementer	: 0x61
CPU architecture: 8
CPU variant	: 0x0
CPU part	: 0x000
CPU revision	: 0

processor	: 3
BogoMIPS	: 48.00
Features	: fp asimd evtstrm aes pmull sha1 sha2 crc32 atomics fphp asimdhp cpuid asimdrdm jscvt fcma lrcpc dcpop sha3 asimddp sha512 asimdfhm dit uscat ilrcpc flagm sb paca pacg dcpodp sve2 flagm2 frint svei8mm svebf16 bf16 afp sme
CPU implementer	: 0x61
CPU architecture: 8
CPU variant	: 0x0
CPU part	: 0x000
CPU revision	: 0

processor	: 4
BogoMIPS	: 48.00
Features	: fp asimd evtstrm aes pmull sha1 sha2 crc32 atomics fphp asimdhp cpuid asimdrdm jscvt fcma lrcpc dcpop sha3 asimddp sha512 asimdfhm dit uscat ilrcpc flagm sb paca pacg dcpodp sve2 flagm2 frint svei8mm svebf16 bf16 afp sme
CPU implementer	: 0x61
CPU architecture: 8
CPU variant	: 0x0
CPU part	: 0x000
CPU revision	: 0

processor	: 5
BogoMIPS	: 48.00
Features	: fp asimd evtstrm aes pmull sha1 sha2 crc32 atomics fphp asimdhp cpuid asimdrdm jscvt fcma lrcpc dcpop sha3 asimddp sha512 asimdfhm dit uscat ilrcpc flagm sb paca pacg dcpodp sve2 flagm2 frint svei8mm svebf16 bf16 afp sme
CPU implementer	: 0x61
CPU architecture: 8
CPU variant	: 0x0
CPU part	: 0x000
CPU revision	: 0

processor	: 6
BogoMIPS	: 48.00
Features	: fp asimd evtstrm aes pmull sha1 sha2 crc32 atomics fphp asimdhp cpuid asimdrdm jscvt fcma lrcpc dcpop sha3 asimddp sha512 asimdfhm dit uscat ilrcpc flagm sb paca pacg dcpodp sve2 flagm2 frint svei8mm svebf16 bf16 afp sme
CPU implementer	: 0x61
CPU architecture: 8
CPU variant	: 0x0
CPU part	: 0x000
CPU revision	: 0

processor	: 7
BogoMIPS	: 48.00
Features	: fp asimd evtstrm aes pmull sha1 sha2 crc32 atomics fphp asimdhp cpuid asimdrdm jscvt fcma lrcpc dcpop sha3 asimddp sha512 asimdfhm dit uscat ilrcpc flagm sb paca pacg dcpodp sve2 flagm2 frint svei8mm svebf16 bf16 afp sme
CPU implementer	: 0x61
CPU architecture: 8
CPU variant	: 0x0
CPU part	: 0x000
CPU revision	: 0

processor	: 8
BogoMIPS	: 48.00
Features	: fp asimd evtstrm aes pmull sha1 sha2 crc32 atomics fphp asimdhp cpuid asimdrdm jscvt fcma lrcpc dcpop sha3 asimddp sha512 asimdfhm dit uscat ilrcpc flagm sb paca pacg dcpodp sve2 flagm2 frint svei8mm svebf16 bf16 afp sme
CPU implementer	: 0x61
CPU architecture: 8
CPU variant	: 0x0
CPU part	: 0x000
CPU revision	: 0

processor	: 9
BogoMIPS	: 48.00
Features	: fp asimd evtstrm aes pmull sha1 sha2 crc32 atomics fphp asimdhp cpuid asimdrdm jscvt fcma lrcpc dcpop sha3 asimddp sha512 asimdfhm dit uscat ilrcpc flagm sb paca pacg dcpodp sve2 flagm2 frint svei8mm svebf16 bf16 afp sme
CPU implementer	: 0x61
CPU architecture: 8
CPU variant	: 0x0
CPU part	: 0x000
CPU revision	: 0

processor	: 10
BogoMIPS	: 48.00
Features	: fp asimd evtstrm aes pmull sha1 sha2 crc32 atomics fphp asimdhp cpuid asimdrdm jscvt fcma lrcpc dcpop sha3 asimddp sha512 asimdfhm dit uscat ilrcpc flagm sb paca pacg dcpodp sve2 flagm2 frint svei8mm svebf16 bf16 afp sme
CPU implementer	: 0x61
CPU architecture: 8
CPU variant	: 0x0
CPU part	: 0x000
CPU revision	: 0

processor	: 11
BogoMIPS	: 48.00
Features	: fp asimd evtstrm aes pmull sha1 sha2 crc32 atomics fphp asimdhp cpuid asimdrdm jscvt fcma lrcpc dcpop sha3 asimddp sha512 asimdfhm dit uscat ilrcpc flagm sb paca pacg dcpodp sve2 flagm2 frint svei8mm svebf16 bf16 afp sme
CPU implementer	: 0x61
CPU architecture: 8
CPU variant	: 0x0
CPU part	: 0x000
CPU revision	: 0


Online cpus: 0-11
Offline cpus: 

Memory: 4k page, physical 8025084k(6458092k free), swap 1048572k(1048572k free)
Page Sizes: 4k

vm_info: OpenJDK 64-Bit Server VM (21.0.5+11-LTS) for linux-aarch64 JRE (21.0.5+11-LTS), built on 2024-10-15T00:00:00Z by "admin" with gcc 11.3.0

END.
