#
# A fatal error has been detected by the Java Runtime Environment:
#
#  SIGILL (0x4) at pc=0x0000ffff7113fb5c, pid=2405, tid=2406
#
# JRE version:  (21.0.5+11) (build )
# Java VM: OpenJDK 64-Bit Server VM (21.0.5+11-LTS, mixed mode, sharing, tiered, compressed oops, compressed class ptrs, parallel gc, linux-aarch64)
# Problematic frame:
# j  java.lang.System.registerNatives()V+0 java.base
#
# No core dump will be written. Core dumps have been disabled. To enable core dumping, try "ulimit -c unlimited" before starting Java again
#
# The crash happened outside the Java Virtual Machine in native code.
# See problematic frame for where to report the bug.
#

---------------  S U M M A R Y ------------

Command Line: --add-modules=ALL-SYSTEM --add-opens=java.base/java.util=ALL-UNNAMED --add-opens=java.base/java.lang=ALL-UNNAMED --add-opens=java.base/sun.nio.fs=ALL-UNNAMED -Declipse.application=org.eclipse.jdt.ls.core.id1 -Dosgi.bundles.defaultStartLevel=4 -Declipse.product=org.eclipse.jdt.ls.core.product -Djava.import.generatesMetadataFilesAtProjectRoot=false -DDetectVMInstallationsJob.disabled=true -Dfile.encoding=utf8 -XX:+UseParallelGC -XX:GCTimeRatio=4 -XX:AdaptiveSizePolicyWeight=90 -Dsun.zip.disableMemoryMapping=true -Xmx1G -Xms100m -Xlog:disable -javaagent:/home/vscode/.cursor-server/extensions/redhat.java-1.39.0-linux-arm64/lombok/lombok-1.18.34.jar /home/vscode/.cursor-server/extensions/redhat.java-1.39.0-linux-arm64/server/plugins/org.eclipse.equinox.launcher_1.6.900.v20240613-2009.jar -configuration /home/vscode/.cursor-server/data/User/globalStorage/redhat.java/1.39.0/config_ss_linux -data /home/vscode/.cursor-server/data/User/workspaceStorage/db84f39c6db5d969b346a89d6f81195b/redhat.java/ss_ws --pipe=/tmp/lsp-b2263f7984a691c6621729f52b6edc69.sock

Host: AArch64, 12 cores, 7G, Debian GNU/Linux 11 (bullseye)
Time: Sun Feb 23 17:28:22 2025 UTC elapsed time: 0.015535 seconds (0d 0h 0m 0s)

---------------  T H R E A D  ---------------

Current thread (0x0000ffff7c029e20):  JavaThread "Unknown thread" [_thread_in_native, id=2406, stack(0x0000ffff81402000,0x0000ffff81600000) (2040K)]

Stack: [0x0000ffff81402000,0x0000ffff81600000],  sp=0x0000ffff815fe0c0,  free space=2032k
Native frames: (J=compiled Java code, j=interpreted, Vv=VM code, C=native code)
j  java.lang.System.registerNatives()V+0 java.base
j  java.lang.System.<clinit>()V+0 java.base
v  ~StubRoutines::call_stub 0x0000ffff71137144
V  [libjvm.so+0x836998]  JavaCalls::call_helper(JavaValue*, methodHandle const&, JavaCallArguments*, JavaThread*)+0x218
V  [libjvm.so+0x811de8]  InstanceKlass::call_class_initializer(JavaThread*)+0x284
V  [libjvm.so+0x812930]  InstanceKlass::initialize_impl(JavaThread*)+0x370
V  [libjvm.so+0xdcca38]  Threads::initialize_java_lang_classes(JavaThread*, JavaThread*)+0xe8
V  [libjvm.so+0xdceaf4]  Threads::create_vm(JavaVMInitArgs*, bool*)+0x3f4
V  [libjvm.so+0x8c9b14]  JNI_CreateJavaVM+0x80
C  [libjli.so+0x8bac]  JavaMain+0x7c
C  [libjli.so+0xc20c]  ThreadJavaMain+0xc
C  [libpthread.so.0+0x7648]  start_thread+0x174
Java frames: (J=compiled Java code, j=interpreted, Vv=VM code)
j  java.lang.System.registerNatives()V+0 java.base
j  java.lang.System.<clinit>()V+0 java.base
v  ~StubRoutines::call_stub 0x0000ffff71137144

siginfo: si_signo: 4 (SIGILL), si_code: 1 (ILL_ILLOPC), si_addr: 0x0000ffff7113fb5c

Registers:
R0=0x0000000000000000
R1=0x0000000000000000
R2=0x0000000000000000
R3=0x0000000000000000
R4=0x000000009aeaffff
R5=0x0000ffff829744d0
R6=0x000000000000ffff
R7=0x000000000000000d
R8=0x0000000000000000
R9=0x000000000000000c
R10=0x000000000000000d
R11=0x0000002000484d20
R12=0x000000200001ae00
R13=0x0000002000643470
R14=0x0000000000000000
R15=0x0000000000000000
R16=0x0000ffff8295f830
R17=0x0000ffff82c0c400
R18=0x000000200001ace8
R19=0x0000ffff7113d8f0
R20=0x0000ffff815fe0c0
R21=0x0000ffff82a012c0
R22=0x0000000000000000
R23=0x0000ffff7113ea40
R24=0x0000ffff815fe148
R25=0x0000ffff815fe330
R26=0x0000002000003140
R27=0x0000000000000000
R28=0x0000ffff7c029e20
R29=0x0000ffff815fe130
R30=0x0000ffff7113fb40


Register to memory mapping:

R0 =0x0 is null
R1 =0x0 is null
R2 =0x0 is null
R3 =0x0 is null
R4 =0x000000009aeaffff is an unknown value
R5 =0x0000ffff829744d0: <offset 0x00000000013744d0> in /home/vscode/.cursor-server/extensions/redhat.java-1.39.0-linux-arm64/jre/21.0.5-linux-aarch64/lib/server/libjvm.so at 0x0000ffff81600000
R6 =0x000000000000ffff is an unknown value
R7 =0x000000000000000d is an unknown value
R8 =0x0 is null
R9 =0x000000000000000c is an unknown value
R10=0x000000000000000d is an unknown value
R11=0x0000002000484d20 is pointing into metadata
R12={method} {0x000000200001ae00} 'registerNatives' '()V' in 'java/lang/System'
R13=0x0000002000643470 is pointing into metadata
R14=0x0 is null
R15=0x0 is null
R16=0x0000ffff8295f830: <offset 0x000000000135f830> in /home/vscode/.cursor-server/extensions/redhat.java-1.39.0-linux-arm64/jre/21.0.5-linux-aarch64/lib/server/libjvm.so at 0x0000ffff81600000
R17=0x0000ffff82c0c400: memcmp+0x0000000000000000 in /lib/aarch64-linux-gnu/libc.so.6 at 0x0000ffff82b8e000
R18={method} {0x000000200001ace8} 'arraycopy' '(Ljava/lang/Object;ILjava/lang/Object;II)V' in 'java/lang/System'
R19=0x0000ffff7113d8f0 is at code_begin+48 in an Interpreter codelet
result handlers for native calls  [0x0000ffff7113d8c0, 0x0000ffff7113d908]  72 bytes
R20=0x0000ffff815fe0c0 is pointing into the stack for thread: 0x0000ffff7c029e20
R21=0x0000ffff82a012c0: <offset 0x00000000014012c0> in /home/vscode/.cursor-server/extensions/redhat.java-1.39.0-linux-arm64/jre/21.0.5-linux-aarch64/lib/server/libjvm.so at 0x0000ffff81600000
R22=0x0 is null
R23=0x0000ffff7113ea40 is at code_begin+0 in an Interpreter codelet
method entry point (kind = zerolocals)  [0x0000ffff7113ea40, 0x0000ffff7113edd8]  920 bytes
R24=0x0000ffff815fe148 is pointing into the stack for thread: 0x0000ffff7c029e20
R25=0x0000ffff815fe330 is pointing into the stack for thread: 0x0000ffff7c029e20
R26=0x0000002000003140 is pointing into metadata
R27=0x0 is null
R28=0x0000ffff7c029e20 is a thread
R29=0x0000ffff815fe130 is pointing into the stack for thread: 0x0000ffff7c029e20
R30=0x0000ffff7113fb40 is at code_begin+896 in an Interpreter codelet
native method entry point (kind = native)  [0x0000ffff7113f7c0, 0x0000ffff7113fee0]  1824 bytes
R31=0x0000ffff815fe0c0 is pointing into the stack for thread: 0x0000ffff7c029e20

Top of Stack: (sp=0x0000ffff815fe0c0)
0x0000ffff815fe0c0:   0000000000000000 0000000000000000
0x0000ffff815fe0d0:   300000ffff815fe1 e1fc7755d08ef600
0x0000ffff815fe0e0:   0000ffff815fe0e0 0000000000000000
0x0000ffff815fe0f0:   0000000000000003 0000002000003140
0x0000ffff815fe100:   00000000c007fd58 0000ffff815fe0d0
0x0000ffff815fe110:   0000000000000000 000000200001ae00
0x0000ffff815fe120:   0000000000000000 0000ffff815fe130
0x0000ffff815fe130:   0000ffff815fe1a0 0000ffff7113c17c
0x0000ffff815fe140:   0000000000000000 00000000c007fd58
0x0000ffff815fe150:   0000ffff815fe150 0000002000643a30
0x0000ffff815fe160:   0000000000000001 0000002000003140
0x0000ffff815fe170:   00000000c007fd58 0000ffff815fe130
0x0000ffff815fe180:   0000000000000000 000000200001a9f8
0x0000ffff815fe190:   0000ffff815fe150 0000ffff815fe1b0
0x0000ffff815fe1a0:   0000ffff815fe280 0000ffff71137144
0x0000ffff815fe1b0:   0000000000000000 0000000000000000
0x0000ffff815fe1c0:   0000000000000000 0000000000000000
0x0000ffff815fe1d0:   0000000000000000 0000000000000000
0x0000ffff815fe1e0:   0000000000000000 0000000000000000
0x0000ffff815fe1f0:   0000ffff815fe3f8 0000ffff815fe2f8
0x0000ffff815fe200:   000000000000000a 0000ffff815fe330
0x0000ffff815fe210:   000000000000000e 0000ffff7113ea40
0x0000ffff815fe220:   0000ffff815fe3d0 0000ffff815fe3f0
0x0000ffff815fe230:   0000ffff815fe3b8 0000ffff7c029e20
0x0000ffff815fe240:   0000ffff815fe330 0000ffff815fe3d0
0x0000ffff815fe250:   000000000000000a 000000200001a9f8
0x0000ffff815fe260:   0000ffff7113ea40 0000ffff815fe3f8
0x0000ffff815fe270:   0000ffff00000000 0000ffff7c029e20
0x0000ffff815fe280:   0000ffff815fe290 0000ffff81e36998
0x0000ffff815fe290:   0000ffff815fe370 0000ffff81e11de8
0x0000ffff815fe2a0:   0000ffff7c029e20 0000ffff815fe3b8
0x0000ffff815fe2b0:   0000002000002bf8 0000ffff7c029c10 

Instructions: (pc=0x0000ffff7113fb5c)
0x0000ffff7113fa5c:   b8 6f 38 8b 91 31 40 f9 20 02 3f d6 ac 83 5e f8
0x0000ffff7113fa6c:   f3 03 00 aa 91 29 40 b9 11 01 18 36 91 05 40 f9
0x0000ffff7113fa7c:   31 06 40 f9 31 0e 40 f9 31 3a 40 f9 31 02 40 f9
0x0000ffff7113fa8c:   b1 0f 00 f9 a1 63 00 91 8a 2d 40 f9 09 2a 9a d2
0x0000ffff7113fa9c:   c9 44 b0 f2 e9 ff df f2 29 01 40 f9 5f 01 09 eb
0x0000ffff7113faac:   81 03 00 54 e1 03 0c aa b6 83 1b f8 e0 03 1c aa
0x0000ffff7113fabc:   28 01 00 10 88 d3 01 f9 94 cf 01 f9 9d d7 01 f9
0x0000ffff7113facc:   e8 33 bf a9 08 9e 99 d2 48 3c b0 f2 e8 ff df f2
0x0000ffff7113fadc:   00 01 3f d6 e8 33 c1 a8 fe ff ff 10 9f cf 01 f9
0x0000ffff7113faec:   9f d7 01 f9 9f d3 01 f9 88 07 40 f9 a8 00 00 b4
0x0000ffff7113fafc:   08 10 8e d2 68 22 ae f2 e8 ff df f2 00 01 1f d6
0x0000ffff7113fb0c:   b6 e3 7b a9 b8 6f 38 8b ac 83 5e f8 8a 2d 40 f9
0x0000ffff7113fb1c:   80 e3 0e 91 08 01 00 10 88 d3 01 f9 94 cf 01 f9
0x0000ffff7113fb2c:   9d d7 01 f9 e8 03 7e b2 89 13 11 91 28 fd 9f 88
0x0000ffff7113fb3c:   40 01 3f d6 ac 83 5e f8 88 82 00 d1 1f ed 7c 92
0x0000ffff7113fb4c:   80 0e 1f fc 9f 8e 1f f8 80 8e 1f f8 e8 03 1f 2a
0x0000ffff7113fb5c:   e8 e3 30 04 1f 05 00 31 80 00 00 54 c1 d5 bb d4
0x0000ffff7113fb6c:   f0 be 59 82 ff ff 00 00 a8 00 80 d2 89 13 11 91
0x0000ffff7113fb7c:   28 fd 9f 88 bf 3b 03 d5 88 23 11 91 08 fd df c8
0x0000ffff7113fb8c:   bf 03 08 eb 68 00 00 54 89 43 44 b9 69 01 00 b4
0x0000ffff7113fb9c:   e0 03 1c aa 89 84 9b d2 89 3c b0 f2 e9 ff df f2
0x0000ffff7113fbac:   20 01 3f d6 ac 83 5e f8 1b 1e 89 d2 db 52 b0 f2
0x0000ffff7113fbbc:   fb ff df f2 7b 03 40 f9 e8 03 7d b2 89 13 11 91
0x0000ffff7113fbcc:   28 fd 9f 88 9f cf 01 f9 9f d7 01 f9 9f d3 01 f9
0x0000ffff7113fbdc:   91 17 42 f9 3f 82 00 f9 d1 e8 fe 10 3f 02 13 eb
0x0000ffff7113fbec:   c1 01 00 54 80 06 41 f8 20 01 00 b4 1f 04 40 f2
0x0000ffff7113fbfc:   61 00 00 54 00 00 40 f9 05 00 00 14 60 00 00 37
0x0000ffff7113fc0c:   00 e0 5f f8 02 00 00 14 00 f0 5f f8 a0 0f 00 f9
0x0000ffff7113fc1c:   9f 8e 1f f8 80 8e 1f f8 88 03 13 91 08 01 40 b9
0x0000ffff7113fc2c:   1f 09 00 f1 e1 04 00 54 e0 07 b7 a9 e2 0f 01 a9
0x0000ffff7113fc3c:   e4 17 02 a9 e6 1f 03 a9 ea 2f 04 a9 ec 37 05 a9
0x0000ffff7113fc4c:   ee 3f 06 a9 f0 47 07 a9 f2 7f 08 a9 ff 83 00 d1 


Stack slot to memory mapping:

stack at sp + 0 slots: 0x0 is null
stack at sp + 1 slots: 0x0 is null
stack at sp + 2 slots: 0x300000ffff815fe1 is an unknown value
stack at sp + 3 slots: 0xe1fc7755d08ef600 is an unknown value
stack at sp + 4 slots: 0x0000ffff815fe0e0 is pointing into the stack for thread: 0x0000ffff7c029e20
stack at sp + 5 slots: 0x0 is null
stack at sp + 6 slots: 0x0000000000000003 is an unknown value
stack at sp + 7 slots: 0x0000002000003140 is pointing into metadata

native method entry point (kind = native)  [0x0000ffff7113f7c0, 0x0000ffff7113fee0]  1824 bytes
[MachCode]
  0x0000ffff7113f7c0: 8205 40f9 | 425c 4079 | 986e 228b | 1823 00d1 | 9fee 7c92 | f4c3 01d1 | f603 1faa | f47f b9a9 
  0x0000ffff7113f7e0: ff7f 06a9 | 8809 40f9 | 4800 00b4 | 08e1 0491 | e833 03a9 | fd7b 05a9 | fd43 0191 | 9a05 40f9 
  0x0000ffff7113f800: 5a07 40f9 | 5a0b 40f9 | 0803 1dcb | 08fd 43d3 | e86b 01a9 | ff4f 04a9 | 8a05 40f9 | 4a05 40f9 
  0x0000ffff7113f820: 4a0d 40f9 | 4a39 40f9 | 4a01 40f9 | e843 00d1 | ea23 02a9 | 1f01 0091 | e903 40b2 | 89c7 1139 
  0x0000ffff7113f840: 8009 40f9 | 0001 00b4 | 08fc 40b9 | 0809 0091 | 08fc 00b9 | 0910 41b9 | 0801 09ea | e030 0054 
  0x0000ffff7113f860: 2400 0014 | 890d 40f9 | 8903 00b5 | e103 0caa | b683 1bf8 | e003 1caa | 2801 0010 | 88d3 01f9 
  0x0000ffff7113f880: 94cf 01f9 | 9dd7 01f9 | e833 bfa9 | 085a 95d2 | 483c b0f2 | e8ff dff2 | 0001 3fd6 | e833 c1a8 
  0x0000ffff7113f8a0: feff ff10 | 9fcf 01f9 | 9fd7 01f9 | 9fd3 01f9 | 8807 40f9 | a800 00b4 | 0810 8ed2 | 6822 aef2 
  0x0000ffff7113f8c0: e8ff dff2 | 0001 1fd6 | b6e3 7ba9 | b86f 388b | 890d 40f9 | e900 00b4 | 2809 40b9 | 0809 0091 
  0x0000ffff7113f8e0: 2809 00b9 | 211d 40b9 | 0801 01ea | 602c 0054 | 8873 42f9 | ff63 28eb | c805 0054 | e907 40d1 
  0x0000ffff7113f900: 3f01 00f9 | e90b 40d1 | 3f01 00f9 | e90f 40d1 | 3f01 00f9 | e913 40d1 | 3f01 00f9 | e917 40d1 
  0x0000ffff7113f920: 3f01 00f9 | e91b 40d1 | 3f01 00f9 | e91f 40d1 | 3f01 00f9 | e923 40d1 | 3f01 00f9 | e927 40d1 
  0x0000ffff7113f940: 3f01 00f9 | e92b 40d1 | 3f01 00f9 | e92f 40d1 | 3f01 00f9 | e933 40d1 | 3f01 00f9 | e937 40d1 
  0x0000ffff7113f960: 3f01 00f9 | e93b 40d1 | 3f01 00f9 | e93f 40d1 | 3f01 00f9 | e943 40d1 | 3f01 00f9 | e947 40d1 
  0x0000ffff7113f980: 3f01 00f9 | e94b 40d1 | 3f01 00f9 | e94f 40d1 | 3f01 00f9 | e953 40d1 | 3f01 00f9 | 886f 42f9 
  0x0000ffff7113f9a0: ff63 28eb | 6900 0054 | e803 0091 | 8873 02f9 | 9fc7 1139 | 48c3 0890 | 0895 4e39 | 2801 0034 
  0x0000ffff7113f9c0: a183 5ef8 | e003 1caa | e833 bfa9 | 086e 9dd2 | c844 b0f2 | e8ff dff2 | 0001 3fd6 | e833 c1a8 
  0x0000ffff7113f9e0: 9105 40f9 | 315e 4079 | 886e 31cb | 1fed 7c92 | f403 08aa | 9131 40f9 | 7103 00b5 | e103 0caa 
  0x0000ffff7113fa00: b683 1bf8 | e003 1caa | 2801 0010 | 88d3 01f9 | 94cf 01f9 | 9dd7 01f9 | e833 bfa9 | 089e 99d2 
  0x0000ffff7113fa20: 483c b0f2 | e8ff dff2 | 0001 3fd6 | e833 c1a8 | feff ff10 | 9fcf 01f9 | 9fd7 01f9 | 9fd3 01f9 
  0x0000ffff7113fa40: 8807 40f9 | a800 00b4 | 0810 8ed2 | 6822 aef2 | e8ff dff2 | 0001 1fd6 | b6e3 7ba9 | b86f 388b 
  0x0000ffff7113fa60: 9131 40f9 | 2002 3fd6 | ac83 5ef8 | f303 00aa | 9129 40b9 | 1101 1836 | 9105 40f9 | 3106 40f9 
  0x0000ffff7113fa80: 310e 40f9 | 313a 40f9 | 3102 40f9 | b10f 00f9 | a163 0091 | 8a2d 40f9 | 092a 9ad2 | c944 b0f2 
  0x0000ffff7113faa0: e9ff dff2 | 2901 40f9 | 5f01 09eb | 8103 0054 | e103 0caa | b683 1bf8 | e003 1caa | 2801 0010 
  0x0000ffff7113fac0: 88d3 01f9 | 94cf 01f9 | 9dd7 01f9 | e833 bfa9 | 089e 99d2 | 483c b0f2 | e8ff dff2 | 0001 3fd6 
  0x0000ffff7113fae0: e833 c1a8 | feff ff10 | 9fcf 01f9 | 9fd7 01f9 | 9fd3 01f9 | 8807 40f9 | a800 00b4 | 0810 8ed2 
  0x0000ffff7113fb00: 6822 aef2 | e8ff dff2 | 0001 1fd6 | b6e3 7ba9 | b86f 388b | ac83 5ef8 | 8a2d 40f9 | 80e3 0e91 
  0x0000ffff7113fb20: 0801 0010 | 88d3 01f9 | 94cf 01f9 | 9dd7 01f9 | e803 7eb2 | 8913 1191 | 28fd 9f88 | 4001 3fd6 
  0x0000ffff7113fb40: ac83 5ef8 | 8882 00d1 | 1fed 7c92 | 800e 1ffc | 9f8e 1ff8 | 808e 1ff8 | e803 1f2a | e8e3 3004 
  0x0000ffff7113fb60: 1f05 0031 | 8000 0054 | c1d5 bbd4 | f0be 5982 | ffff 0000 | a800 80d2 | 8913 1191 | 28fd 9f88 
  0x0000ffff7113fb80: bf3b 03d5 | 8823 1191 | 08fd dfc8 | bf03 08eb | 6800 0054 | 8943 44b9 | 6901 00b4 | e003 1caa 
  0x0000ffff7113fba0: 8984 9bd2 | 893c b0f2 | e9ff dff2 | 2001 3fd6 | ac83 5ef8 | 1b1e 89d2 | db52 b0f2 | fbff dff2 
  0x0000ffff7113fbc0: 7b03 40f9 | e803 7db2 | 8913 1191 | 28fd 9f88 | 9fcf 01f9 | 9fd7 01f9 | 9fd3 01f9 | 9117 42f9 
  0x0000ffff7113fbe0: 3f82 00f9 | d1e8 fe10 | 3f02 13eb | c101 0054 | 8006 41f8 | 2001 00b4 | 1f04 40f2 | 6100 0054 
  0x0000ffff7113fc00: 0000 40f9 | 0500 0014 | 6000 0037 | 00e0 5ff8 | 0200 0014 | 00f0 5ff8 | a00f 00f9 | 9f8e 1ff8 
  0x0000ffff7113fc20: 808e 1ff8 | 8803 1391 | 0801 40b9 | 1f09 00f1 | e104 0054 | e007 b7a9 | e20f 01a9 | e417 02a9 
  0x0000ffff7113fc40: e61f 03a9 | ea2f 04a9 | ec37 05a9 | ee3f 06a9 | f047 07a9 | f27f 08a9 | ff83 00d1 | e8eb 7bb2 
  0x0000ffff7113fc60: fc2f 880c | f82f 880c | f42f 880c | f02f 880c | e42f 880c | e02f 000c | e003 1caa | 896c 9fd2 
  0x0000ffff7113fc80: c944 b0f2 | e9ff dff2 | 2001 3fd6 | e02f df0c | e42f df0c | f02f df0c | f42f df0c | f82f df0c 
  0x0000ffff7113fca0: fc2f df0c | e7e3 1825 | e20f 41a9 | e417 42a9 | e61f 43a9 | ea2f 44a9 | ec37 45a9 | ee3f 46a9 
  0x0000ffff7113fcc0: f047 47a9 | f27f 48a9 | e007 c9a8 | ac83 5ef8 | 9605 40f9 | d6e2 0091 | 8807 40f9 | 8803 00b4 
  0x0000ffff7113fce0: b683 1bf8 | e003 1caa | 2801 0010 | 88d3 01f9 | 94cf 01f9 | 9dd7 01f9 | e833 bfa9 | 0848 93d2 
  0x0000ffff7113fd00: 483c b0f2 | e8ff dff2 | 0001 3fd6 | e833 c1a8 | feff ff10 | 9fcf 01f9 | 9fd7 01f9 | 9fd3 01f9 
  0x0000ffff7113fd20: 8807 40f9 | a800 00b4 | 0810 8ed2 | 6822 aef2 | e8ff dff2 | 0001 1fd6 | b6e3 7ba9 | b86f 388b 
  0x0000ffff7113fd40: c1d5 bbd4 | d071 5482 | ffff 0000 | 9129 40b9 | f106 2836 | a183 01d1 | 3104 40f9 | 9103 00b5 
  0x0000ffff7113fd60: b683 1bf8 | e003 1caa | 2801 0010 | 88d3 01f9 | 94cf 01f9 | 9dd7 01f9 | e833 bfa9 | 885e 94d2 
  0x0000ffff7113fd80: 483c b0f2 | e8ff dff2 | 0001 3fd6 | e833 c1a8 | feff ff10 | 9fcf 01f9 | 9fd7 01f9 | 9fd3 01f9 
  0x0000ffff7113fda0: 8807 40f9 | a800 00b4 | 0810 8ed2 | 6822 aef2 | e8ff dff2 | 0001 1fd6 | b6e3 7ba9 | b86f 388b 
  0x0000ffff7113fdc0: c1d5 bbd4 | d071 5482 | ffff 0000 | b683 1bf8 | 2000 00d1 | 2304 40f9 | 3f04 00f9 | 0200 40f9 
  0x0000ffff7113fde0: e201 00b4 | e803 00aa | 62fc e0c8 | 1f01 00eb | 6001 0054 | bf3b 03d5 | 2304 00f9 | e003 01aa 
  0x0000ffff7113fe00: e833 bfa9 | 084a 94d2 | 483c b0f2 | e8ff dff2 | 0001 3fd6 | e833 c1a8 | 0400 0014 | 88a7 42f9 
  0x0000ffff7113fe20: 0805 00d1 | 88a7 02f9 | b683 5bf8 | 48c3 0890 | 0895 4e39 | 2801 0034 | a183 5ef8 | e003 1caa 
  0x0000ffff7113fe40: e833 bfa9 | 0890 9dd2 | c844 b0f2 | e8ff dff2 | 0001 3fd6 | e833 c1a8 | 8006 41f8 | 8006 41fc 
  0x0000ffff7113fe60: 6002 3fd6 | b483 5ff8 | bf03 0091 | fd7b c1a8 | 9f02 0091 | c003 5fd6 | 0100 80d2 | b683 1bf8 
  0x0000ffff7113fe80: e003 1caa | 2801 0010 | 88d3 01f9 | 94cf 01f9 | 9dd7 01f9 | e833 bfa9 | 08a0 9ad2 | 483c b0f2 
  0x0000ffff7113fea0: e8ff dff2 | 0001 3fd6 | e833 c1a8 | feff ff10 | 9fcf 01f9 | 9fd7 01f9 | 9fd3 01f9 | 8807 40f9 
  0x0000ffff7113fec0: a800 00b4 | 0810 8ed2 | 6822 aef2 | e8ff dff2 | 0001 1fd6 | b6e3 7ba9 | b86f 388b | 85fe ff17 
[/MachCode]

---------------  P R O C E S S  ---------------

Threads class SMR info:
_java_thread_list=0x0000ffff7c051050, length=1, elements={
0x0000ffff7c029e20
}

Java Threads: ( => current thread )
=>0x0000ffff7c029e20 JavaThread "Unknown thread"             [_thread_in_native, id=2406, stack(0x0000ffff81402000,0x0000ffff81600000) (2040K)]
Total: 1

Other Threads:
  0x0000ffff7c1a8790 VMThread "VM Thread"                           [id=2409, stack(0x0000ffff683ec000,0x0000ffff685ea000) (2040K)]
  0x0000ffff7c0501a0 WatcherThread "VM Periodic Task Thread"        [id=2408, stack(0x0000ffff80726000,0x0000ffff80924000) (2040K)]
  0x0000ffff7c041450 WorkerThread "GC Thread#0"                     [id=2407, stack(0x0000ffff80e02000,0x0000ffff81000000) (2040K)]
Total: 3

Threads with active compile tasks:
Total: 0

VM state: not at safepoint (normal execution)

VM Mutex/Monitor currently owned by a thread: None

Heap address: 0x00000000c0000000, size: 1024 MB, Compressed Oops mode: 32-bit

CDS archive(s) mapped at: [0x0000002000000000-0x0000002000bc0000-0x0000002000bc0000), size 12320768, SharedBaseAddress: 0x0000002000000000, ArchiveRelocationMode: 1.
Compressed class space mapped at: 0x0000002001000000-0x0000002041000000, reserved size: 1073741824
Narrow klass base: 0x0000002000000000, Narrow klass shift: 0, Narrow klass range: 0x100000000

GC Precious Log:
 CardTable entry size: 512
 CPUs: 12 total, 12 available
 Memory: 7836M
 Large Page Support: Disabled
 NUMA Support: Disabled
 Compressed Oops: Enabled (32-bit)
 Alignments: Space 512K, Generation 512K, Heap 2M
 Heap Min Capacity: 100M
 Heap Initial Capacity: 100M
 Heap Max Capacity: 1G
 Pre-touch: Disabled
 Parallel Workers: 10

Heap:
 PSYoungGen      total 29696K, used 512K [0x00000000eab00000, 0x00000000ecc00000, 0x0000000100000000)
  eden space 25600K, 2% used [0x00000000eab00000,0x00000000eab80010,0x00000000ec400000)
  from space 4096K, 0% used [0x00000000ec800000,0x00000000ec800000,0x00000000ecc00000)
  to   space 4096K, 0% used [0x00000000ec400000,0x00000000ec400000,0x00000000ec800000)
 ParOldGen       total 68608K, used 1073K [0x00000000c0000000, 0x00000000c4300000, 0x00000000eab00000)
  object space 68608K, 1% used [0x00000000c0000000,0x00000000c010c670,0x00000000c4300000)
 Metaspace       used 1K, committed 128K, reserved 1114112K
  class space    used 0K, committed 64K, reserved 1048576K

Card table byte_map: [0x0000ffff81000000,0x0000ffff81201000] _byte_map_base: 0x0000ffff80a00000

Marking Bits: (ParMarkBitMap*) 0x0000ffff829ed9f8
 Begin Bits: [0x0000ffff62000000, 0x0000ffff63000000)
 End Bits:   [0x0000ffff63000000, 0x0000ffff64000000)

Polling page: 0x0000ffff82da1000

Metaspace:

Usage:
  Non-class:    304 bytes used.
      Class:    976 bytes used.
       Both:      1.25 KB used.

Virtual space:
  Non-class space:       64.00 MB reserved,      64.00 KB ( <1%) committed,  1 nodes.
      Class space:        1.00 GB reserved,      64.00 KB ( <1%) committed,  1 nodes.
             Both:        1.06 GB reserved,     128.00 KB ( <1%) committed. 

Chunk freelists:
   Non-Class:  12.00 MB
       Class:  15.75 MB
        Both:  27.75 MB

MaxMetaspaceSize: unlimited
CompressedClassSpaceSize: 1.00 GB
Initial GC threshold: 21.00 MB
Current GC threshold: 17179869184.00 GB
CDS: on
 - commit_granule_bytes: 65536.
 - commit_granule_words: 8192.
 - virtual_space_node_default_size: 8388608.
 - enlarge_chunks_in_place: 1.
 - use_allocation_guard: 0.


Internal statistics:

num_allocs_failed_limit: 0.
num_arena_births: 2.
num_arena_deaths: 0.
num_vsnodes_births: 2.
num_vsnodes_deaths: 0.
num_space_committed: 2.
num_space_uncommitted: 0.
num_chunks_returned_to_freelist: 0.
num_chunks_taken_from_freelist: 3.
num_chunk_merges: 0.
num_chunk_splits: 2.
num_chunks_enlarged: 0.
num_inconsistent_stats: 0.

CodeHeap 'non-profiled nmethods': size=120028Kb used=0Kb max_used=0Kb free=120028Kb
 bounds [0x0000ffff716c9000, 0x0000ffff71939000, 0x0000ffff78c00000]
CodeHeap 'profiled nmethods': size=120028Kb used=0Kb max_used=0Kb free=120028Kb
 bounds [0x0000ffff69c00000, 0x0000ffff69e70000, 0x0000ffff71137000]
CodeHeap 'non-nmethods': size=5704Kb used=365Kb max_used=365Kb free=5338Kb
 bounds [0x0000ffff71137000, 0x0000ffff713a7000, 0x0000ffff716c9000]
 total_blobs=92 nmethods=0 adapters=67
 compilation: enabled
              stopped_count=0, restarted_count=0
 full_count=0

Compilation events (0 events):
No events

GC Heap History (0 events):
No events

Dll operation events (1 events):
Event: 0.003 Loaded shared library /home/vscode/.cursor-server/extensions/redhat.java-1.39.0-linux-arm64/jre/21.0.5-linux-aarch64/lib/libjava.so

Deoptimization events (0 events):
No events

Classes loaded (0 events):
No events

Classes unloaded (0 events):
No events

Classes redefined (0 events):
No events

Internal exceptions (0 events):
No events

ZGC Phase Switch (0 events):
No events

VM Operations (0 events):
No events

Memory protections (1 events):
Event: 0.003 Protecting memory [0x0000ffff81402000,0x0000ffff81406000] with protection modes 0

Nmethod flushes (0 events):
No events

Events (1 events):
Event: 0.011 Thread 0x0000ffff7c029e20 Thread added: 0x0000ffff7c029e20


Dynamic libraries:
c0000000-c4300000 rw-p 00000000 00:00 0 
c4300000-eab00000 ---p 00000000 00:00 0 
eab00000-ecc00000 rw-p 00000000 00:00 0 
ecc00000-100000000 ---p 00000000 00:00 0 
2000000000-2000480000 rw-p 00010000 00:51 276261                         /home/vscode/.cursor-server/extensions/redhat.java-1.39.0-linux-arm64/jre/21.0.5-linux-aarch64/lib/server/classes.jsa
2000480000-2000bc0000 rw-p 00490000 00:51 276261                         /home/vscode/.cursor-server/extensions/redhat.java-1.39.0-linux-arm64/jre/21.0.5-linux-aarch64/lib/server/classes.jsa
2000bc0000-2001040000 ---p 00000000 00:00 0 
2001040000-2001050000 rw-p 00000000 00:00 0 
2001050000-2041000000 ---p 00000000 00:00 0 
aaaadb300000-aaaadb301000 r-xp 00000000 00:51 275836                     /home/vscode/.cursor-server/extensions/redhat.java-1.39.0-linux-arm64/jre/21.0.5-linux-aarch64/bin/java
aaaadb31f000-aaaadb320000 r--p 0000f000 00:51 275836                     /home/vscode/.cursor-server/extensions/redhat.java-1.39.0-linux-arm64/jre/21.0.5-linux-aarch64/bin/java
aaaadb320000-aaaadb321000 rw-p 00010000 00:51 275836                     /home/vscode/.cursor-server/extensions/redhat.java-1.39.0-linux-arm64/jre/21.0.5-linux-aarch64/bin/java
aaaaea75a000-aaaaea7a2000 rw-p 00000000 00:00 0                          [heap]
ffff50000000-ffff50021000 rw-p 00000000 00:00 0 
ffff50021000-ffff54000000 ---p 00000000 00:00 0 
ffff58000000-ffff58010000 rw-p 00000000 00:00 0 
ffff58010000-ffff5c000000 ---p 00000000 00:00 0 
ffff5c000000-ffff5c021000 rw-p 00000000 00:00 0 
ffff5c021000-ffff60000000 ---p 00000000 00:00 0 
ffff61800000-ffff61ac2000 rw-p 00000000 00:00 0 
ffff61c00000-ffff61e07000 rw-p 00000000 00:00 0 
ffff62000000-ffff64000000 rw-p 00000000 00:00 0 
ffff64000000-ffff64021000 rw-p 00000000 00:00 0 
ffff64021000-ffff68000000 ---p 00000000 00:00 0 
ffff683eb000-ffff683ec000 ---p 00000000 00:00 0 
ffff683ec000-ffff685ea000 rw-p 00000000 00:00 0 
ffff685ea000-ffff69c00000 rw-p 00000000 00:00 0 
ffff69c00000-ffff69e70000 rwxp 00000000 00:00 0 
ffff69e70000-ffff71137000 ---p 00000000 00:00 0 
ffff71137000-ffff713a7000 rwxp 00000000 00:00 0 
ffff713a7000-ffff716c9000 ---p 00000000 00:00 0 
ffff716c9000-ffff71939000 rwxp 00000000 00:00 0 
ffff71939000-ffff78c00000 ---p 00000000 00:00 0 
ffff78c00000-ffff7beca000 r--s 00000000 00:51 276251                     /home/vscode/.cursor-server/extensions/redhat.java-1.39.0-linux-arm64/jre/21.0.5-linux-aarch64/lib/modules
ffff7beff000-ffff7c000000 rw-p 00000000 00:00 0 
ffff7c000000-ffff7c1c6000 rw-p 00000000 00:00 0 
ffff7c1c6000-ffff80000000 ---p 00000000 00:00 0 
ffff8001e000-ffff80725000 rw-p 00000000 00:00 0 
ffff80725000-ffff80726000 ---p 00000000 00:00 0 
ffff80726000-ffff80924000 rw-p 00000000 00:00 0 
ffff80924000-ffff80c00000 rw-p 00000000 00:00 0 
ffff80c56000-ffff80ccd000 rw-p 00000000 00:00 0 
ffff80ccd000-ffff80e01000 ---p 00000000 00:00 0 
ffff80e01000-ffff80e02000 ---p 00000000 00:00 0 
ffff80e02000-ffff81000000 rw-p 00000000 00:00 0 
ffff81000000-ffff81022000 rw-p 00000000 00:00 0 
ffff81022000-ffff81155000 ---p 00000000 00:00 0 
ffff81155000-ffff81166000 rw-p 00000000 00:00 0 
ffff81166000-ffff81201000 ---p 00000000 00:00 0 
ffff81209000-ffff8120e000 rw-p 00000000 00:00 0 
ffff8120e000-ffff812f4000 ---p 00000000 00:00 0 
ffff812f4000-ffff812f9000 rw-p 00000000 00:00 0 
ffff812f9000-ffff813df000 ---p 00000000 00:00 0 
ffff813df000-ffff813ea000 r-xp 00000000 00:51 230734                     /lib/aarch64-linux-gnu/libnss_files-2.31.so
ffff813ea000-ffff813fa000 ---p 0000b000 00:51 230734                     /lib/aarch64-linux-gnu/libnss_files-2.31.so
ffff813fa000-ffff813fb000 r--p 0000b000 00:51 230734                     /lib/aarch64-linux-gnu/libnss_files-2.31.so
ffff813fb000-ffff813fc000 rw-p 0000c000 00:51 230734                     /lib/aarch64-linux-gnu/libnss_files-2.31.so
ffff813fc000-ffff81402000 rw-p 00000000 00:00 0 
ffff81402000-ffff81406000 ---p 00000000 00:00 0 
ffff81406000-ffff81600000 rw-p 00000000 00:00 0 
ffff81600000-ffff82865000 r-xp 00000000 00:51 276263                     /home/vscode/.cursor-server/extensions/redhat.java-1.39.0-linux-arm64/jre/21.0.5-linux-aarch64/lib/server/libjvm.so
ffff82865000-ffff82882000 ---p 01265000 00:51 276263                     /home/vscode/.cursor-server/extensions/redhat.java-1.39.0-linux-arm64/jre/21.0.5-linux-aarch64/lib/server/libjvm.so
ffff82882000-ffff82960000 r--p 01272000 00:51 276263                     /home/vscode/.cursor-server/extensions/redhat.java-1.39.0-linux-arm64/jre/21.0.5-linux-aarch64/lib/server/libjvm.so
ffff82960000-ffff82992000 rw-p 01350000 00:51 276263                     /home/vscode/.cursor-server/extensions/redhat.java-1.39.0-linux-arm64/jre/21.0.5-linux-aarch64/lib/server/libjvm.so
ffff82992000-ffff82a16000 rw-p 00000000 00:00 0 
ffff82a23000-ffff82a28000 rw-p 00000000 00:00 0 
ffff82a28000-ffff82a2f000 ---p 00000000 00:00 0 
ffff82a2f000-ffff82a37000 rw-s 00000000 00:51 279352                     /tmp/hsperfdata_vscode/2405
ffff82a37000-ffff82a58000 r-xp 00000000 00:51 276227                     /home/vscode/.cursor-server/extensions/redhat.java-1.39.0-linux-arm64/jre/21.0.5-linux-aarch64/lib/libjava.so
ffff82a58000-ffff82a76000 ---p 00021000 00:51 276227                     /home/vscode/.cursor-server/extensions/redhat.java-1.39.0-linux-arm64/jre/21.0.5-linux-aarch64/lib/libjava.so
ffff82a76000-ffff82a77000 r--p 0002f000 00:51 276227                     /home/vscode/.cursor-server/extensions/redhat.java-1.39.0-linux-arm64/jre/21.0.5-linux-aarch64/lib/libjava.so
ffff82a77000-ffff82a78000 rw-p 00030000 00:51 276227                     /home/vscode/.cursor-server/extensions/redhat.java-1.39.0-linux-arm64/jre/21.0.5-linux-aarch64/lib/libjava.so
ffff82a78000-ffff82a79000 rw-p 00000000 00:00 0 
ffff82a79000-ffff82a84000 r-xp 00000000 00:51 276222                     /home/vscode/.cursor-server/extensions/redhat.java-1.39.0-linux-arm64/jre/21.0.5-linux-aarch64/lib/libinstrument.so
ffff82a84000-ffff82a98000 ---p 0000b000 00:51 276222                     /home/vscode/.cursor-server/extensions/redhat.java-1.39.0-linux-arm64/jre/21.0.5-linux-aarch64/lib/libinstrument.so
ffff82a98000-ffff82a99000 r--p 0000f000 00:51 276222                     /home/vscode/.cursor-server/extensions/redhat.java-1.39.0-linux-arm64/jre/21.0.5-linux-aarch64/lib/libinstrument.so
ffff82a99000-ffff82a9a000 rw-p 00010000 00:51 276222                     /home/vscode/.cursor-server/extensions/redhat.java-1.39.0-linux-arm64/jre/21.0.5-linux-aarch64/lib/libinstrument.so
ffff82a9a000-ffff82ab5000 r-xp 00000000 00:51 276231                     /home/vscode/.cursor-server/extensions/redhat.java-1.39.0-linux-arm64/jre/21.0.5-linux-aarch64/lib/libjimage.so
ffff82ab5000-ffff82ac8000 ---p 0001b000 00:51 276231                     /home/vscode/.cursor-server/extensions/redhat.java-1.39.0-linux-arm64/jre/21.0.5-linux-aarch64/lib/libjimage.so
ffff82ac8000-ffff82aca000 r--p 0001e000 00:51 276231                     /home/vscode/.cursor-server/extensions/redhat.java-1.39.0-linux-arm64/jre/21.0.5-linux-aarch64/lib/libjimage.so
ffff82aca000-ffff82acb000 rw-p 00020000 00:51 276231                     /home/vscode/.cursor-server/extensions/redhat.java-1.39.0-linux-arm64/jre/21.0.5-linux-aarch64/lib/libjimage.so
ffff82acb000-ffff82b64000 r-xp 00000000 00:51 230707                     /lib/aarch64-linux-gnu/libm-2.31.so
ffff82b64000-ffff82b74000 ---p 00099000 00:51 230707                     /lib/aarch64-linux-gnu/libm-2.31.so
ffff82b74000-ffff82b75000 r--p 00099000 00:51 230707                     /lib/aarch64-linux-gnu/libm-2.31.so
ffff82b75000-ffff82b76000 rw-p 0009a000 00:51 230707                     /lib/aarch64-linux-gnu/libm-2.31.so
ffff82b76000-ffff82b7d000 r-xp 00000000 00:51 230770                     /lib/aarch64-linux-gnu/librt-2.31.so
ffff82b7d000-ffff82b8c000 ---p 00007000 00:51 230770                     /lib/aarch64-linux-gnu/librt-2.31.so
ffff82b8c000-ffff82b8d000 r--p 00006000 00:51 230770                     /lib/aarch64-linux-gnu/librt-2.31.so
ffff82b8d000-ffff82b8e000 rw-p 00007000 00:51 230770                     /lib/aarch64-linux-gnu/librt-2.31.so
ffff82b8e000-ffff82cea000 r-xp 00000000 00:51 230662                     /lib/aarch64-linux-gnu/libc-2.31.so
ffff82cea000-ffff82cf9000 ---p 0015c000 00:51 230662                     /lib/aarch64-linux-gnu/libc-2.31.so
ffff82cf9000-ffff82cfd000 r--p 0015b000 00:51 230662                     /lib/aarch64-linux-gnu/libc-2.31.so
ffff82cfd000-ffff82cff000 rw-p 0015f000 00:51 230662                     /lib/aarch64-linux-gnu/libc-2.31.so
ffff82cff000-ffff82d02000 rw-p 00000000 00:00 0 
ffff82d02000-ffff82d05000 r-xp 00000000 00:51 230677                     /lib/aarch64-linux-gnu/libdl-2.31.so
ffff82d05000-ffff82d14000 ---p 00003000 00:51 230677                     /lib/aarch64-linux-gnu/libdl-2.31.so
ffff82d14000-ffff82d15000 r--p 00002000 00:51 230677                     /lib/aarch64-linux-gnu/libdl-2.31.so
ffff82d15000-ffff82d16000 rw-p 00003000 00:51 230677                     /lib/aarch64-linux-gnu/libdl-2.31.so
ffff82d16000-ffff82d32000 r-xp 00000000 00:51 230762                     /lib/aarch64-linux-gnu/libpthread-2.31.so
ffff82d32000-ffff82d41000 ---p 0001c000 00:51 230762                     /lib/aarch64-linux-gnu/libpthread-2.31.so
ffff82d41000-ffff82d42000 r--p 0001b000 00:51 230762                     /lib/aarch64-linux-gnu/libpthread-2.31.so
ffff82d42000-ffff82d43000 rw-p 0001c000 00:51 230762                     /lib/aarch64-linux-gnu/libpthread-2.31.so
ffff82d43000-ffff82d47000 rw-p 00000000 00:00 0 
ffff82d47000-ffff82d5f000 r-xp 00000000 00:51 276232                     /home/vscode/.cursor-server/extensions/redhat.java-1.39.0-linux-arm64/jre/21.0.5-linux-aarch64/lib/libjli.so
ffff82d5f000-ffff82d76000 ---p 00018000 00:51 276232                     /home/vscode/.cursor-server/extensions/redhat.java-1.39.0-linux-arm64/jre/21.0.5-linux-aarch64/lib/libjli.so
ffff82d76000-ffff82d77000 r--p 0001f000 00:51 276232                     /home/vscode/.cursor-server/extensions/redhat.java-1.39.0-linux-arm64/jre/21.0.5-linux-aarch64/lib/libjli.so
ffff82d77000-ffff82d78000 rw-p 00020000 00:51 276232                     /home/vscode/.cursor-server/extensions/redhat.java-1.39.0-linux-arm64/jre/21.0.5-linux-aarch64/lib/libjli.so
ffff82d78000-ffff82d99000 r-xp 00000000 00:51 230634                     /lib/aarch64-linux-gnu/ld-2.31.so
ffff82d9d000-ffff82d9f000 rw-p 00000000 00:00 0 
ffff82da1000-ffff82da2000 ---p 00000000 00:00 0 
ffff82da2000-ffff82da3000 r--p 00000000 00:00 0 
ffff82da3000-ffff82da4000 ---p 00000000 00:00 0 
ffff82da4000-ffff82da6000 rw-p 00000000 00:00 0 
ffff82da6000-ffff82da8000 r--p 00000000 00:00 0                          [vvar]
ffff82da8000-ffff82da9000 r-xp 00000000 00:00 0                          [vdso]
ffff82da9000-ffff82daa000 r--p 00021000 00:51 230634                     /lib/aarch64-linux-gnu/ld-2.31.so
ffff82daa000-ffff82dac000 rw-p 00022000 00:51 230634                     /lib/aarch64-linux-gnu/ld-2.31.so
fffffd6a2000-fffffd6c3000 rw-p 00000000 00:00 0                          [stack]
Total number of mappings: 118


VM Arguments:
jvm_args: --add-modules=ALL-SYSTEM --add-opens=java.base/java.util=ALL-UNNAMED --add-opens=java.base/java.lang=ALL-UNNAMED --add-opens=java.base/sun.nio.fs=ALL-UNNAMED -Declipse.application=org.eclipse.jdt.ls.core.id1 -Dosgi.bundles.defaultStartLevel=4 -Declipse.product=org.eclipse.jdt.ls.core.product -Djava.import.generatesMetadataFilesAtProjectRoot=false -DDetectVMInstallationsJob.disabled=true -Dfile.encoding=utf8 -XX:+UseParallelGC -XX:GCTimeRatio=4 -XX:AdaptiveSizePolicyWeight=90 -Dsun.zip.disableMemoryMapping=true -Xmx1G -Xms100m -Xlog:disable -javaagent:/home/vscode/.cursor-server/extensions/redhat.java-1.39.0-linux-arm64/lombok/lombok-1.18.34.jar 
java_command: /home/vscode/.cursor-server/extensions/redhat.java-1.39.0-linux-arm64/server/plugins/org.eclipse.equinox.launcher_1.6.900.v20240613-2009.jar -configuration /home/vscode/.cursor-server/data/User/globalStorage/redhat.java/1.39.0/config_ss_linux -data /home/vscode/.cursor-server/data/User/workspaceStorage/db84f39c6db5d969b346a89d6f81195b/redhat.java/ss_ws --pipe=/tmp/lsp-b2263f7984a691c6621729f52b6edc69.sock
java_class_path (initial): /home/vscode/.cursor-server/extensions/redhat.java-1.39.0-linux-arm64/server/plugins/org.eclipse.equinox.launcher_1.6.900.v20240613-2009.jar
Launcher Type: SUN_STANDARD

[Global flags]
    uintx AdaptiveSizePolicyWeight                 = 90                                        {product} {command line}
     intx CICompilerCount                          = 4                                         {product} {ergonomic}
    uintx GCTimeRatio                              = 4                                         {product} {command line}
   size_t InitialHeapSize                          = 104857600                                 {product} {command line}
   size_t MaxHeapSize                              = 1073741824                                {product} {command line}
   size_t MaxNewSize                               = 357564416                                 {product} {ergonomic}
   size_t MinHeapDeltaBytes                        = 524288                                    {product} {ergonomic}
   size_t MinHeapSize                              = 104857600                                 {product} {command line}
   size_t NewSize                                  = 34603008                                  {product} {ergonomic}
    uintx NonNMethodCodeHeapSize                   = 5839564                                {pd product} {ergonomic}
    uintx NonProfiledCodeHeapSize                  = 122909338                              {pd product} {ergonomic}
   size_t OldSize                                  = 70254592                                  {product} {ergonomic}
    uintx ProfiledCodeHeapSize                     = 122909338                              {pd product} {ergonomic}
    uintx ReservedCodeCacheSize                    = 251658240                              {pd product} {ergonomic}
     bool SegmentedCodeCache                       = true                                      {product} {ergonomic}
   size_t SoftMaxHeapSize                          = 1073741824                             {manageable} {ergonomic}
     bool UseCompressedOops                        = true                           {product lp64_product} {ergonomic}
     bool UseParallelGC                            = true                                      {product} {command line}

Logging:
Log output configuration:
 #0: stdout all=off uptime,level,tags foldmultilines=false
 #1: stderr all=off uptime,level,tags foldmultilines=false

Environment Variables:
JAVA_HOME=/usr/lib/jvm/msopenjdk-current
PATH=/vscode/cursor-server/bin/linux-arm64/f5f18731406b73244e0558ee7716d77c8096d150/bin/remote-cli:/usr/local/sdkman/bin:/usr/local/sdkman/candidates/java/current/bin:/usr/local/sdkman/candidates/gradle/current/bin:/usr/local/sdkman/candidates/maven/current/bin:/usr/local/sdkman/candidates/ant/current/bin:/usr/local/share/nvm/current/bin:/usr/local/sdkman/bin:/usr/local/sdkman/candidates/java/current/bin:/usr/local/sdkman/candidates/gradle/current/bin:/usr/local/sdkman/candidates/maven/current/bin:/usr/local/sdkman/candidates/ant/current/bin:/usr/lib/jvm/msopenjdk-current/bin:/usr/local/sdkman/bin:/usr/local/sdkman/candidates/java/current/bin:/usr/local/sdkman/candidates/gradle/current/bin:/usr/local/sdkman/candidates/maven/current/bin:/usr/local/sdkman/candidates/ant/current/bin:/usr/local/share/nvm/current/bin:/usr/local/sdkman/bin:/usr/local/sdkman/candidates/java/current/bin:/usr/local/sdkman/candidates/gradle/current/bin:/usr/local/sdkman/candidates/maven/current/bin:/usr/local/sdkman/candidates/ant/current/bin:/usr/lib/jvm/msopenjdk-current/bin:/usr/local/sbin:/usr/local/bin:/usr/sbin:/usr/bin:/sbin:/bin:/home/vscode/.local/bin
SHELL=/bin/bash
LANG=en_US.UTF-8

Active Locale:
LC_ALL=C
LC_COLLATE=C
LC_CTYPE=C
LC_MESSAGES=C
LC_MONETARY=C
LC_NUMERIC=C
LC_TIME=C

Signal Handlers:
   SIGSEGV: crash_handler in libjvm.so, mask=11100100010111111101111111111110, flags=SA_RESTART|SA_SIGINFO, unblocked
    SIGBUS: crash_handler in libjvm.so, mask=11100100010111111101111111111110, flags=SA_RESTART|SA_SIGINFO, unblocked
    SIGFPE: crash_handler in libjvm.so, mask=11100100010111111101111111111110, flags=SA_RESTART|SA_SIGINFO, unblocked
   SIGPIPE: javaSignalHandler in libjvm.so, mask=11100100010111111101111111111110, flags=SA_RESTART|SA_SIGINFO, blocked
   SIGXFSZ: javaSignalHandler in libjvm.so, mask=11100100010111111101111111111110, flags=SA_RESTART|SA_SIGINFO, blocked
    SIGILL: crash_handler in libjvm.so, mask=11100100010111111101111111111110, flags=SA_RESTART|SA_SIGINFO, unblocked
   SIGUSR2: SR_handler in libjvm.so, mask=00000000000000000000000000000000, flags=SA_RESTART|SA_SIGINFO, blocked
    SIGHUP: SIG_DFL, mask=00000000000000000000000000000000, flags=none, blocked
    SIGINT: SIG_DFL, mask=00000000000000000000000000000000, flags=none, blocked
   SIGTERM: SIG_DFL, mask=00000000000000000000000000000000, flags=none, blocked
   SIGQUIT: UserHandler in libjvm.so, mask=11100100010111111101111111111110, flags=SA_RESTART|SA_SIGINFO, blocked
   SIGTRAP: crash_handler in libjvm.so, mask=11100100010111111101111111111110, flags=SA_RESTART|SA_SIGINFO, unblocked


Periodic native trim disabled

---------------  S Y S T E M  ---------------

OS:
PRETTY_NAME="Debian GNU/Linux 11 (bullseye)"
NAME="Debian GNU/Linux"
VERSION_ID="11"
VERSION="11 (bullseye)"
VERSION_CODENAME=bullseye
ID=debian
HOME_URL="https://www.debian.org/"
SUPPORT_URL="https://www.debian.org/support"
BUG_REPORT_URL="https://bugs.debian.org/"
uname: Linux 6.10.14-linuxkit #1 SMP Fri Nov 29 17:22:03 UTC 2024 aarch64
OS uptime: 1 days 2:32 hours
libc: glibc 2.31 NPTL 2.31 
rlimit (soft/hard): STACK 8192k/infinity , CORE 0k/infinity , NPROC infinity/infinity , NOFILE 1048576/1048576 , AS infinity/infinity , CPU infinity/infinity , DATA infinity/infinity , FSIZE infinity/infinity , MEMLOCK infinity/infinity
load average: 0.44 0.50 0.44

/proc/meminfo:
MemTotal:        8025084 kB
MemFree:          150248 kB
MemAvailable:    6323988 kB
Buffers:          256376 kB
Cached:          5468708 kB
SwapCached:            0 kB
Active:          1757392 kB
Inactive:        5229256 kB
Active(anon):    1210444 kB
Inactive(anon):    61556 kB
Active(file):     546948 kB
Inactive(file):  5167700 kB
Unevictable:           0 kB
Mlocked:               0 kB
SwapTotal:       1048572 kB
SwapFree:        1048572 kB
Zswap:                 0 kB
Zswapped:              0 kB
Dirty:               344 kB
Writeback:             0 kB
AnonPages:       1185344 kB
Mapped:           250368 kB
Shmem:             10392 kB
KReclaimable:     662060 kB
Slab:             760668 kB
SReclaimable:     662060 kB
SUnreclaim:        98608 kB
KernelStack:        9568 kB
PageTables:        26896 kB
SecPageTables:         0 kB
NFS_Unstable:          0 kB
Bounce:                0 kB
WritebackTmp:          0 kB
CommitLimit:     5061112 kB
Committed_AS:    3262264 kB
VmallocTotal:   135288315904 kB
VmallocUsed:        5552 kB
VmallocChunk:          0 kB
Percpu:             4080 kB
AnonHugePages:    415744 kB
ShmemHugePages:        0 kB
ShmemPmdMapped:        0 kB
FileHugePages:         0 kB
FilePmdMapped:         0 kB
HugePages_Total:       0
HugePages_Free:        0
HugePages_Rsvd:        0
HugePages_Surp:        0
Hugepagesize:       2048 kB
Hugetlb:               0 kB

/sys/kernel/mm/transparent_hugepage/enabled: [always] madvise never
/sys/kernel/mm/transparent_hugepage/hpage_pmd_size: 2097152
/sys/kernel/mm/transparent_hugepage/defrag (defrag/compaction efforts parameter): always defer defer+madvise [madvise] never

Process Memory:
Virtual Size: 2848968K (peak: 2909604K)
Resident Set Size: 35816K (peak: 35816K) (anon: 20424K, file: 15392K, shmem: 0K)
Swapped out: 0K
C-Heap outstanding allocations: 38794K, retained: 606K
glibc malloc tunables: (default)

/proc/sys/kernel/threads-max (system-wide limit on the number of threads): 62646
/proc/sys/vm/max_map_count (maximum number of memory map areas a process may have): 262144
/proc/sys/vm/swappiness (control to define how aggressively the kernel swaps out anonymous memory): 60
/proc/sys/kernel/pid_max (system-wide limit on number of process identifiers): 99999

container (cgroup) information:
container_type: cgroupv2
cpu_cpuset_cpus: not supported
cpu_memory_nodes: not supported
active_processor_count: 12
cpu_quota: no quota
cpu_period: 100000
cpu_shares: no shares
memory_limit_in_bytes: unlimited
memory_and_swap_limit_in_bytes: unlimited
memory_soft_limit_in_bytes: unlimited
memory_usage_in_bytes: 1627760 k
memory_max_usage_in_bytes: not supported
memory_swap_current_in_bytes: unlimited
memory_swap_max_limit_in_bytes: unlimited
maximum number of tasks: unlimited
current number of tasks: 198

Steal ticks since vm start: 0
Steal ticks percentage since vm start:  0.000

CPU: total 12 (initial active 12) 0x61:0x0:0x000:0, fp, asimd, evtstrm, aes, pmull, sha1, sha256, crc32, lse, dcpop, sha3, sha512, paca, sve2
/proc/cpuinfo:
processor	: 0
BogoMIPS	: 48.00
Features	: fp asimd evtstrm aes pmull sha1 sha2 crc32 atomics fphp asimdhp cpuid asimdrdm jscvt fcma lrcpc dcpop sha3 asimddp sha512 asimdfhm dit uscat ilrcpc flagm sb paca pacg dcpodp sve2 flagm2 frint svei8mm svebf16 bf16 afp sme
CPU implementer	: 0x61
CPU architecture: 8
CPU variant	: 0x0
CPU part	: 0x000
CPU revision	: 0

processor	: 1
BogoMIPS	: 48.00
Features	: fp asimd evtstrm aes pmull sha1 sha2 crc32 atomics fphp asimdhp cpuid asimdrdm jscvt fcma lrcpc dcpop sha3 asimddp sha512 asimdfhm dit uscat ilrcpc flagm sb paca pacg dcpodp sve2 flagm2 frint svei8mm svebf16 bf16 afp sme
CPU implementer	: 0x61
CPU architecture: 8
CPU variant	: 0x0
CPU part	: 0x000
CPU revision	: 0

processor	: 2
BogoMIPS	: 48.00
Features	: fp asimd evtstrm aes pmull sha1 sha2 crc32 atomics fphp asimdhp cpuid asimdrdm jscvt fcma lrcpc dcpop sha3 asimddp sha512 asimdfhm dit uscat ilrcpc flagm sb paca pacg dcpodp sve2 flagm2 frint svei8mm svebf16 bf16 afp sme
CPU implementer	: 0x61
CPU architecture: 8
CPU variant	: 0x0
CPU part	: 0x000
CPU revision	: 0

processor	: 3
BogoMIPS	: 48.00
Features	: fp asimd evtstrm aes pmull sha1 sha2 crc32 atomics fphp asimdhp cpuid asimdrdm jscvt fcma lrcpc dcpop sha3 asimddp sha512 asimdfhm dit uscat ilrcpc flagm sb paca pacg dcpodp sve2 flagm2 frint svei8mm svebf16 bf16 afp sme
CPU implementer	: 0x61
CPU architecture: 8
CPU variant	: 0x0
CPU part	: 0x000
CPU revision	: 0

processor	: 4
BogoMIPS	: 48.00
Features	: fp asimd evtstrm aes pmull sha1 sha2 crc32 atomics fphp asimdhp cpuid asimdrdm jscvt fcma lrcpc dcpop sha3 asimddp sha512 asimdfhm dit uscat ilrcpc flagm sb paca pacg dcpodp sve2 flagm2 frint svei8mm svebf16 bf16 afp sme
CPU implementer	: 0x61
CPU architecture: 8
CPU variant	: 0x0
CPU part	: 0x000
CPU revision	: 0

processor	: 5
BogoMIPS	: 48.00
Features	: fp asimd evtstrm aes pmull sha1 sha2 crc32 atomics fphp asimdhp cpuid asimdrdm jscvt fcma lrcpc dcpop sha3 asimddp sha512 asimdfhm dit uscat ilrcpc flagm sb paca pacg dcpodp sve2 flagm2 frint svei8mm svebf16 bf16 afp sme
CPU implementer	: 0x61
CPU architecture: 8
CPU variant	: 0x0
CPU part	: 0x000
CPU revision	: 0

processor	: 6
BogoMIPS	: 48.00
Features	: fp asimd evtstrm aes pmull sha1 sha2 crc32 atomics fphp asimdhp cpuid asimdrdm jscvt fcma lrcpc dcpop sha3 asimddp sha512 asimdfhm dit uscat ilrcpc flagm sb paca pacg dcpodp sve2 flagm2 frint svei8mm svebf16 bf16 afp sme
CPU implementer	: 0x61
CPU architecture: 8
CPU variant	: 0x0
CPU part	: 0x000
CPU revision	: 0

processor	: 7
BogoMIPS	: 48.00
Features	: fp asimd evtstrm aes pmull sha1 sha2 crc32 atomics fphp asimdhp cpuid asimdrdm jscvt fcma lrcpc dcpop sha3 asimddp sha512 asimdfhm dit uscat ilrcpc flagm sb paca pacg dcpodp sve2 flagm2 frint svei8mm svebf16 bf16 afp sme
CPU implementer	: 0x61
CPU architecture: 8
CPU variant	: 0x0
CPU part	: 0x000
CPU revision	: 0

processor	: 8
BogoMIPS	: 48.00
Features	: fp asimd evtstrm aes pmull sha1 sha2 crc32 atomics fphp asimdhp cpuid asimdrdm jscvt fcma lrcpc dcpop sha3 asimddp sha512 asimdfhm dit uscat ilrcpc flagm sb paca pacg dcpodp sve2 flagm2 frint svei8mm svebf16 bf16 afp sme
CPU implementer	: 0x61
CPU architecture: 8
CPU variant	: 0x0
CPU part	: 0x000
CPU revision	: 0

processor	: 9
BogoMIPS	: 48.00
Features	: fp asimd evtstrm aes pmull sha1 sha2 crc32 atomics fphp asimdhp cpuid asimdrdm jscvt fcma lrcpc dcpop sha3 asimddp sha512 asimdfhm dit uscat ilrcpc flagm sb paca pacg dcpodp sve2 flagm2 frint svei8mm svebf16 bf16 afp sme
CPU implementer	: 0x61
CPU architecture: 8
CPU variant	: 0x0
CPU part	: 0x000
CPU revision	: 0

processor	: 10
BogoMIPS	: 48.00
Features	: fp asimd evtstrm aes pmull sha1 sha2 crc32 atomics fphp asimdhp cpuid asimdrdm jscvt fcma lrcpc dcpop sha3 asimddp sha512 asimdfhm dit uscat ilrcpc flagm sb paca pacg dcpodp sve2 flagm2 frint svei8mm svebf16 bf16 afp sme
CPU implementer	: 0x61
CPU architecture: 8
CPU variant	: 0x0
CPU part	: 0x000
CPU revision	: 0

processor	: 11
BogoMIPS	: 48.00
Features	: fp asimd evtstrm aes pmull sha1 sha2 crc32 atomics fphp asimdhp cpuid asimdrdm jscvt fcma lrcpc dcpop sha3 asimddp sha512 asimdfhm dit uscat ilrcpc flagm sb paca pacg dcpodp sve2 flagm2 frint svei8mm svebf16 bf16 afp sme
CPU implementer	: 0x61
CPU architecture: 8
CPU variant	: 0x0
CPU part	: 0x000
CPU revision	: 0


Online cpus: 0-11
Offline cpus: 

Memory: 4k page, physical 8025084k(6323988k free), swap 1048572k(1048572k free)
Page Sizes: 4k

vm_info: OpenJDK 64-Bit Server VM (21.0.5+11-LTS) for linux-aarch64 JRE (21.0.5+11-LTS), built on 2024-10-15T00:00:00Z by "admin" with gcc 11.3.0

END.
