#
# A fatal error has been detected by the Java Runtime Environment:
#
#  SIGILL (0x4) at pc=0x0000ffff8453fb5c, pid=2424, tid=2425
#
# JRE version:  (21.0.5+11) (build )
# Java VM: OpenJDK 64-Bit Server VM (21.0.5+11-LTS, mixed mode, sharing, tiered, compressed oops, compressed class ptrs, parallel gc, linux-aarch64)
# Problematic frame:
# j  java.lang.System.registerNatives()V+0 java.base
#
# No core dump will be written. Core dumps have been disabled. To enable core dumping, try "ulimit -c unlimited" before starting Java again
#
# The crash happened outside the Java Virtual Machine in native code.
# See problematic frame for where to report the bug.
#

---------------  S U M M A R Y ------------

Command Line: --add-modules=ALL-SYSTEM --add-opens=java.base/java.util=ALL-UNNAMED --add-opens=java.base/java.lang=ALL-UNNAMED --add-opens=java.base/sun.nio.fs=ALL-UNNAMED -Declipse.application=org.eclipse.jdt.ls.core.id1 -Dosgi.bundles.defaultStartLevel=4 -Declipse.product=org.eclipse.jdt.ls.core.product -Djava.import.generatesMetadataFilesAtProjectRoot=false -DDetectVMInstallationsJob.disabled=true -Dfile.encoding=utf8 -XX:+UseParallelGC -XX:GCTimeRatio=4 -XX:AdaptiveSizePolicyWeight=90 -Dsun.zip.disableMemoryMapping=true -Xmx1G -Xms100m -Xlog:disable -javaagent:/home/vscode/.cursor-server/extensions/redhat.java-1.39.0-linux-arm64/lombok/lombok-1.18.34.jar -XX:+HeapDumpOnOutOfMemoryError -XX:HeapDumpPath=/home/vscode/.cursor-server/data/User/workspaceStorage/db84f39c6db5d969b346a89d6f81195b/redhat.java -Daether.dependencyCollector.impl=bf /home/vscode/.cursor-server/extensions/redhat.java-1.39.0-linux-arm64/server/plugins/org.eclipse.equinox.launcher_1.6.900.v20240613-2009.jar -configuration /home/vscode/.cursor-server/data/User/globalStorage/redhat.java/1.39.0/config_linux -data /home/vscode/.cursor-server/data/User/workspaceStorage/db84f39c6db5d969b346a89d6f81195b/redhat.java/jdt_ws --pipe=/tmp/lsp-5cf082b1bf239cad72751297866f8303.sock

Host: AArch64, 12 cores, 7G, Debian GNU/Linux 11 (bullseye)
Time: Sun Feb 23 17:28:22 2025 UTC elapsed time: 0.014879 seconds (0d 0h 0m 0s)

---------------  T H R E A D  ---------------

Current thread (0x0000ffff8c02a030):  JavaThread "Unknown thread" [_thread_in_native, id=2425, stack(0x0000ffff93d57000,0x0000ffff93f55000) (2040K)]

Stack: [0x0000ffff93d57000,0x0000ffff93f55000],  sp=0x0000ffff93f530c0,  free space=2032k
Native frames: (J=compiled Java code, j=interpreted, Vv=VM code, C=native code)
j  java.lang.System.registerNatives()V+0 java.base
j  java.lang.System.<clinit>()V+0 java.base
v  ~StubRoutines::call_stub 0x0000ffff84537144
V  [libjvm.so+0x836998]  JavaCalls::call_helper(JavaValue*, methodHandle const&, JavaCallArguments*, JavaThread*)+0x218
V  [libjvm.so+0x811de8]  InstanceKlass::call_class_initializer(JavaThread*)+0x284
V  [libjvm.so+0x812930]  InstanceKlass::initialize_impl(JavaThread*)+0x370
V  [libjvm.so+0xdcca38]  Threads::initialize_java_lang_classes(JavaThread*, JavaThread*)+0xe8
V  [libjvm.so+0xdceaf4]  Threads::create_vm(JavaVMInitArgs*, bool*)+0x3f4
V  [libjvm.so+0x8c9b14]  JNI_CreateJavaVM+0x80
C  [libjli.so+0x8bac]  JavaMain+0x7c
C  [libjli.so+0xc20c]  ThreadJavaMain+0xc
C  [libpthread.so.0+0x7648]  start_thread+0x174
Java frames: (J=compiled Java code, j=interpreted, Vv=VM code)
j  java.lang.System.registerNatives()V+0 java.base
j  java.lang.System.<clinit>()V+0 java.base
v  ~StubRoutines::call_stub 0x0000ffff84537144

siginfo: si_signo: 4 (SIGILL), si_code: 1 (ILL_ILLOPC), si_addr: 0x0000ffff8453fb5c

Registers:
R0=0x0000000000000000
R1=0x0000000000000000
R2=0x0000000000000000
R3=0x0000000000000000
R4=0x000000009aeaffff
R5=0x0000ffff953744d0
R6=0x000000000000ffff
R7=0x000000000000000d
R8=0x0000000000000000
R9=0x000000000000000c
R10=0x000000000000000d
R11=0x000000c000484d20
R12=0x000000c00001ae00
R13=0x000000c000643470
R14=0x0000000000000000
R15=0x0000000000000000
R16=0x0000ffff9535f830
R17=0x0000ffff9554f400
R18=0x000000c00001ace8
R19=0x0000ffff8453d8f0
R20=0x0000ffff93f530c0
R21=0x0000ffff954012c0
R22=0x0000000000000000
R23=0x0000ffff8453ea40
R24=0x0000ffff93f53148
R25=0x0000ffff93f53330
R26=0x000000c000003140
R27=0x0000000000000000
R28=0x0000ffff8c02a030
R29=0x0000ffff93f53130
R30=0x0000ffff8453fb40


Register to memory mapping:

R0 =0x0 is null
R1 =0x0 is null
R2 =0x0 is null
R3 =0x0 is null
R4 =0x000000009aeaffff is an unknown value
R5 =0x0000ffff953744d0: <offset 0x00000000013744d0> in /home/vscode/.cursor-server/extensions/redhat.java-1.39.0-linux-arm64/jre/21.0.5-linux-aarch64/lib/server/libjvm.so at 0x0000ffff94000000
R6 =0x000000000000ffff is an unknown value
R7 =0x000000000000000d is an unknown value
R8 =0x0 is null
R9 =0x000000000000000c is an unknown value
R10=0x000000000000000d is an unknown value
R11=0x000000c000484d20 is pointing into metadata
R12={method} {0x000000c00001ae00} 'registerNatives' '()V' in 'java/lang/System'
R13=0x000000c000643470 is pointing into metadata
R14=0x0 is null
R15=0x0 is null
R16=0x0000ffff9535f830: <offset 0x000000000135f830> in /home/vscode/.cursor-server/extensions/redhat.java-1.39.0-linux-arm64/jre/21.0.5-linux-aarch64/lib/server/libjvm.so at 0x0000ffff94000000
R17=0x0000ffff9554f400: memcmp+0x0000000000000000 in /lib/aarch64-linux-gnu/libc.so.6 at 0x0000ffff954d1000
R18={method} {0x000000c00001ace8} 'arraycopy' '(Ljava/lang/Object;ILjava/lang/Object;II)V' in 'java/lang/System'
R19=0x0000ffff8453d8f0 is at code_begin+48 in an Interpreter codelet
result handlers for native calls  [0x0000ffff8453d8c0, 0x0000ffff8453d908]  72 bytes
R20=0x0000ffff93f530c0 is pointing into the stack for thread: 0x0000ffff8c02a030
R21=0x0000ffff954012c0: <offset 0x00000000014012c0> in /home/vscode/.cursor-server/extensions/redhat.java-1.39.0-linux-arm64/jre/21.0.5-linux-aarch64/lib/server/libjvm.so at 0x0000ffff94000000
R22=0x0 is null
R23=0x0000ffff8453ea40 is at code_begin+0 in an Interpreter codelet
method entry point (kind = zerolocals)  [0x0000ffff8453ea40, 0x0000ffff8453edd8]  920 bytes
R24=0x0000ffff93f53148 is pointing into the stack for thread: 0x0000ffff8c02a030
R25=0x0000ffff93f53330 is pointing into the stack for thread: 0x0000ffff8c02a030
R26=0x000000c000003140 is pointing into metadata
R27=0x0 is null
R28=0x0000ffff8c02a030 is a thread
R29=0x0000ffff93f53130 is pointing into the stack for thread: 0x0000ffff8c02a030
R30=0x0000ffff8453fb40 is at code_begin+896 in an Interpreter codelet
native method entry point (kind = native)  [0x0000ffff8453f7c0, 0x0000ffff8453fee0]  1824 bytes
R31=0x0000ffff93f530c0 is pointing into the stack for thread: 0x0000ffff8c02a030

Top of Stack: (sp=0x0000ffff93f530c0)
0x0000ffff93f530c0:   0000000000000000 0000000000000000
0x0000ffff93f530d0:   300000ffff93f531 23de0327a3ff3600
0x0000ffff93f530e0:   0000ffff93f530e0 0000000000000000
0x0000ffff93f530f0:   0000000000000003 000000c000003140
0x0000ffff93f53100:   00000000c007fd58 0000ffff93f530d0
0x0000ffff93f53110:   0000000000000000 000000c00001ae00
0x0000ffff93f53120:   0000000000000000 0000ffff93f53130
0x0000ffff93f53130:   0000ffff93f531a0 0000ffff8453c17c
0x0000ffff93f53140:   0000000000000000 00000000c007fd58
0x0000ffff93f53150:   0000ffff93f53150 000000c000643a30
0x0000ffff93f53160:   0000000000000001 000000c000003140
0x0000ffff93f53170:   00000000c007fd58 0000ffff93f53130
0x0000ffff93f53180:   0000000000000000 000000c00001a9f8
0x0000ffff93f53190:   0000ffff93f53150 0000ffff93f531b0
0x0000ffff93f531a0:   0000ffff93f53280 0000ffff84537144
0x0000ffff93f531b0:   0000000000000000 0000000000000000
0x0000ffff93f531c0:   0000000000000000 0000000000000000
0x0000ffff93f531d0:   0000000000000000 0000000000000000
0x0000ffff93f531e0:   0000000000000000 0000000000000000
0x0000ffff93f531f0:   0000ffff93f533f8 0000ffff93f532f8
0x0000ffff93f53200:   000000000000000a 0000ffff93f53330
0x0000ffff93f53210:   000000000000000e 0000ffff8453ea40
0x0000ffff93f53220:   0000ffff93f533d0 0000ffff93f533f0
0x0000ffff93f53230:   0000ffff93f533b8 0000ffff8c02a030
0x0000ffff93f53240:   0000ffff93f53330 0000ffff93f533d0
0x0000ffff93f53250:   000000000000000a 000000c00001a9f8
0x0000ffff93f53260:   0000ffff8453ea40 0000ffff93f533f8
0x0000ffff93f53270:   0000ffff00000000 0000ffff8c02a030
0x0000ffff93f53280:   0000ffff93f53290 0000ffff94836998
0x0000ffff93f53290:   0000ffff93f53370 0000ffff94811de8
0x0000ffff93f532a0:   0000ffff8c02a030 0000ffff93f533b8
0x0000ffff93f532b0:   000000c000002bf8 0000ffff8c029e20 

Instructions: (pc=0x0000ffff8453fb5c)
0x0000ffff8453fa5c:   b8 6f 38 8b 91 31 40 f9 20 02 3f d6 ac 83 5e f8
0x0000ffff8453fa6c:   f3 03 00 aa 91 29 40 b9 11 01 18 36 91 05 40 f9
0x0000ffff8453fa7c:   31 06 40 f9 31 0e 40 f9 31 3a 40 f9 31 02 40 f9
0x0000ffff8453fa8c:   b1 0f 00 f9 a1 63 00 91 8a 2d 40 f9 09 2a 9a d2
0x0000ffff8453fa9c:   c9 98 b2 f2 e9 ff df f2 29 01 40 f9 5f 01 09 eb
0x0000ffff8453faac:   81 03 00 54 e1 03 0c aa b6 83 1b f8 e0 03 1c aa
0x0000ffff8453fabc:   28 01 00 10 88 d3 01 f9 94 cf 01 f9 9d d7 01 f9
0x0000ffff8453facc:   e8 33 bf a9 08 9e 99 d2 48 90 b2 f2 e8 ff df f2
0x0000ffff8453fadc:   00 01 3f d6 e8 33 c1 a8 fe ff ff 10 9f cf 01 f9
0x0000ffff8453faec:   9f d7 01 f9 9f d3 01 f9 88 07 40 f9 a8 00 00 b4
0x0000ffff8453fafc:   08 10 8e d2 68 8a b0 f2 e8 ff df f2 00 01 1f d6
0x0000ffff8453fb0c:   b6 e3 7b a9 b8 6f 38 8b ac 83 5e f8 8a 2d 40 f9
0x0000ffff8453fb1c:   80 e3 0e 91 08 01 00 10 88 d3 01 f9 94 cf 01 f9
0x0000ffff8453fb2c:   9d d7 01 f9 e8 03 7e b2 89 13 11 91 28 fd 9f 88
0x0000ffff8453fb3c:   40 01 3f d6 ac 83 5e f8 88 82 00 d1 1f ed 7c 92
0x0000ffff8453fb4c:   80 0e 1f fc 9f 8e 1f f8 80 8e 1f f8 e8 03 1f 2a
0x0000ffff8453fb5c:   e8 e3 30 04 1f 05 00 31 80 00 00 54 c1 d5 bb d4
0x0000ffff8453fb6c:   f0 be f9 94 ff ff 00 00 a8 00 80 d2 89 13 11 91
0x0000ffff8453fb7c:   28 fd 9f 88 bf 3b 03 d5 88 23 11 91 08 fd df c8
0x0000ffff8453fb8c:   bf 03 08 eb 68 00 00 54 89 43 44 b9 69 01 00 b4
0x0000ffff8453fb9c:   e0 03 1c aa 89 84 9b d2 89 90 b2 f2 e9 ff df f2
0x0000ffff8453fbac:   20 01 3f d6 ac 83 5e f8 1b 1e 89 d2 db a6 b2 f2
0x0000ffff8453fbbc:   fb ff df f2 7b 03 40 f9 e8 03 7d b2 89 13 11 91
0x0000ffff8453fbcc:   28 fd 9f 88 9f cf 01 f9 9f d7 01 f9 9f d3 01 f9
0x0000ffff8453fbdc:   91 17 42 f9 3f 82 00 f9 d1 e8 fe 10 3f 02 13 eb
0x0000ffff8453fbec:   c1 01 00 54 80 06 41 f8 20 01 00 b4 1f 04 40 f2
0x0000ffff8453fbfc:   61 00 00 54 00 00 40 f9 05 00 00 14 60 00 00 37
0x0000ffff8453fc0c:   00 e0 5f f8 02 00 00 14 00 f0 5f f8 a0 0f 00 f9
0x0000ffff8453fc1c:   9f 8e 1f f8 80 8e 1f f8 88 03 13 91 08 01 40 b9
0x0000ffff8453fc2c:   1f 09 00 f1 e1 04 00 54 e0 07 b7 a9 e2 0f 01 a9
0x0000ffff8453fc3c:   e4 17 02 a9 e6 1f 03 a9 ea 2f 04 a9 ec 37 05 a9
0x0000ffff8453fc4c:   ee 3f 06 a9 f0 47 07 a9 f2 7f 08 a9 ff 83 00 d1 


Stack slot to memory mapping:

stack at sp + 0 slots: 0x0 is null
stack at sp + 1 slots: 0x0 is null
stack at sp + 2 slots: 0x300000ffff93f531 is an unknown value
stack at sp + 3 slots: 0x23de0327a3ff3600 is an unknown value
stack at sp + 4 slots: 0x0000ffff93f530e0 is pointing into the stack for thread: 0x0000ffff8c02a030
stack at sp + 5 slots: 0x0 is null
stack at sp + 6 slots: 0x0000000000000003 is an unknown value
stack at sp + 7 slots: 0x000000c000003140 is pointing into metadata

native method entry point (kind = native)  [0x0000ffff8453f7c0, 0x0000ffff8453fee0]  1824 bytes
[MachCode]
  0x0000ffff8453f7c0: 8205 40f9 | 425c 4079 | 986e 228b | 1823 00d1 | 9fee 7c92 | f4c3 01d1 | f603 1faa | f47f b9a9 
  0x0000ffff8453f7e0: ff7f 06a9 | 8809 40f9 | 4800 00b4 | 08e1 0491 | e833 03a9 | fd7b 05a9 | fd43 0191 | 9a05 40f9 
  0x0000ffff8453f800: 5a07 40f9 | 5a0b 40f9 | 0803 1dcb | 08fd 43d3 | e86b 01a9 | ff4f 04a9 | 8a05 40f9 | 4a05 40f9 
  0x0000ffff8453f820: 4a0d 40f9 | 4a39 40f9 | 4a01 40f9 | e843 00d1 | ea23 02a9 | 1f01 0091 | e903 40b2 | 89c7 1139 
  0x0000ffff8453f840: 8009 40f9 | 0001 00b4 | 08fc 40b9 | 0809 0091 | 08fc 00b9 | 0910 41b9 | 0801 09ea | e030 0054 
  0x0000ffff8453f860: 2400 0014 | 890d 40f9 | 8903 00b5 | e103 0caa | b683 1bf8 | e003 1caa | 2801 0010 | 88d3 01f9 
  0x0000ffff8453f880: 94cf 01f9 | 9dd7 01f9 | e833 bfa9 | 085a 95d2 | 4890 b2f2 | e8ff dff2 | 0001 3fd6 | e833 c1a8 
  0x0000ffff8453f8a0: feff ff10 | 9fcf 01f9 | 9fd7 01f9 | 9fd3 01f9 | 8807 40f9 | a800 00b4 | 0810 8ed2 | 688a b0f2 
  0x0000ffff8453f8c0: e8ff dff2 | 0001 1fd6 | b6e3 7ba9 | b86f 388b | 890d 40f9 | e900 00b4 | 2809 40b9 | 0809 0091 
  0x0000ffff8453f8e0: 2809 00b9 | 211d 40b9 | 0801 01ea | 602c 0054 | 8873 42f9 | ff63 28eb | c805 0054 | e907 40d1 
  0x0000ffff8453f900: 3f01 00f9 | e90b 40d1 | 3f01 00f9 | e90f 40d1 | 3f01 00f9 | e913 40d1 | 3f01 00f9 | e917 40d1 
  0x0000ffff8453f920: 3f01 00f9 | e91b 40d1 | 3f01 00f9 | e91f 40d1 | 3f01 00f9 | e923 40d1 | 3f01 00f9 | e927 40d1 
  0x0000ffff8453f940: 3f01 00f9 | e92b 40d1 | 3f01 00f9 | e92f 40d1 | 3f01 00f9 | e933 40d1 | 3f01 00f9 | e937 40d1 
  0x0000ffff8453f960: 3f01 00f9 | e93b 40d1 | 3f01 00f9 | e93f 40d1 | 3f01 00f9 | e943 40d1 | 3f01 00f9 | e947 40d1 
  0x0000ffff8453f980: 3f01 00f9 | e94b 40d1 | 3f01 00f9 | e94f 40d1 | 3f01 00f9 | e953 40d1 | 3f01 00f9 | 886f 42f9 
  0x0000ffff8453f9a0: ff63 28eb | 6900 0054 | e803 0091 | 8873 02f9 | 9fc7 1139 | 4873 0890 | 0895 4e39 | 2801 0034 
  0x0000ffff8453f9c0: a183 5ef8 | e003 1caa | e833 bfa9 | 086e 9dd2 | c898 b2f2 | e8ff dff2 | 0001 3fd6 | e833 c1a8 
  0x0000ffff8453f9e0: 9105 40f9 | 315e 4079 | 886e 31cb | 1fed 7c92 | f403 08aa | 9131 40f9 | 7103 00b5 | e103 0caa 
  0x0000ffff8453fa00: b683 1bf8 | e003 1caa | 2801 0010 | 88d3 01f9 | 94cf 01f9 | 9dd7 01f9 | e833 bfa9 | 089e 99d2 
  0x0000ffff8453fa20: 4890 b2f2 | e8ff dff2 | 0001 3fd6 | e833 c1a8 | feff ff10 | 9fcf 01f9 | 9fd7 01f9 | 9fd3 01f9 
  0x0000ffff8453fa40: 8807 40f9 | a800 00b4 | 0810 8ed2 | 688a b0f2 | e8ff dff2 | 0001 1fd6 | b6e3 7ba9 | b86f 388b 
  0x0000ffff8453fa60: 9131 40f9 | 2002 3fd6 | ac83 5ef8 | f303 00aa | 9129 40b9 | 1101 1836 | 9105 40f9 | 3106 40f9 
  0x0000ffff8453fa80: 310e 40f9 | 313a 40f9 | 3102 40f9 | b10f 00f9 | a163 0091 | 8a2d 40f9 | 092a 9ad2 | c998 b2f2 
  0x0000ffff8453faa0: e9ff dff2 | 2901 40f9 | 5f01 09eb | 8103 0054 | e103 0caa | b683 1bf8 | e003 1caa | 2801 0010 
  0x0000ffff8453fac0: 88d3 01f9 | 94cf 01f9 | 9dd7 01f9 | e833 bfa9 | 089e 99d2 | 4890 b2f2 | e8ff dff2 | 0001 3fd6 
  0x0000ffff8453fae0: e833 c1a8 | feff ff10 | 9fcf 01f9 | 9fd7 01f9 | 9fd3 01f9 | 8807 40f9 | a800 00b4 | 0810 8ed2 
  0x0000ffff8453fb00: 688a b0f2 | e8ff dff2 | 0001 1fd6 | b6e3 7ba9 | b86f 388b | ac83 5ef8 | 8a2d 40f9 | 80e3 0e91 
  0x0000ffff8453fb20: 0801 0010 | 88d3 01f9 | 94cf 01f9 | 9dd7 01f9 | e803 7eb2 | 8913 1191 | 28fd 9f88 | 4001 3fd6 
  0x0000ffff8453fb40: ac83 5ef8 | 8882 00d1 | 1fed 7c92 | 800e 1ffc | 9f8e 1ff8 | 808e 1ff8 | e803 1f2a | e8e3 3004 
  0x0000ffff8453fb60: 1f05 0031 | 8000 0054 | c1d5 bbd4 | f0be f994 | ffff 0000 | a800 80d2 | 8913 1191 | 28fd 9f88 
  0x0000ffff8453fb80: bf3b 03d5 | 8823 1191 | 08fd dfc8 | bf03 08eb | 6800 0054 | 8943 44b9 | 6901 00b4 | e003 1caa 
  0x0000ffff8453fba0: 8984 9bd2 | 8990 b2f2 | e9ff dff2 | 2001 3fd6 | ac83 5ef8 | 1b1e 89d2 | dba6 b2f2 | fbff dff2 
  0x0000ffff8453fbc0: 7b03 40f9 | e803 7db2 | 8913 1191 | 28fd 9f88 | 9fcf 01f9 | 9fd7 01f9 | 9fd3 01f9 | 9117 42f9 
  0x0000ffff8453fbe0: 3f82 00f9 | d1e8 fe10 | 3f02 13eb | c101 0054 | 8006 41f8 | 2001 00b4 | 1f04 40f2 | 6100 0054 
  0x0000ffff8453fc00: 0000 40f9 | 0500 0014 | 6000 0037 | 00e0 5ff8 | 0200 0014 | 00f0 5ff8 | a00f 00f9 | 9f8e 1ff8 
  0x0000ffff8453fc20: 808e 1ff8 | 8803 1391 | 0801 40b9 | 1f09 00f1 | e104 0054 | e007 b7a9 | e20f 01a9 | e417 02a9 
  0x0000ffff8453fc40: e61f 03a9 | ea2f 04a9 | ec37 05a9 | ee3f 06a9 | f047 07a9 | f27f 08a9 | ff83 00d1 | e8eb 7bb2 
  0x0000ffff8453fc60: fc2f 880c | f82f 880c | f42f 880c | f02f 880c | e42f 880c | e02f 000c | e003 1caa | 896c 9fd2 
  0x0000ffff8453fc80: c998 b2f2 | e9ff dff2 | 2001 3fd6 | e02f df0c | e42f df0c | f02f df0c | f42f df0c | f82f df0c 
  0x0000ffff8453fca0: fc2f df0c | e7e3 1825 | e20f 41a9 | e417 42a9 | e61f 43a9 | ea2f 44a9 | ec37 45a9 | ee3f 46a9 
  0x0000ffff8453fcc0: f047 47a9 | f27f 48a9 | e007 c9a8 | ac83 5ef8 | 9605 40f9 | d6e2 0091 | 8807 40f9 | 8803 00b4 
  0x0000ffff8453fce0: b683 1bf8 | e003 1caa | 2801 0010 | 88d3 01f9 | 94cf 01f9 | 9dd7 01f9 | e833 bfa9 | 0848 93d2 
  0x0000ffff8453fd00: 4890 b2f2 | e8ff dff2 | 0001 3fd6 | e833 c1a8 | feff ff10 | 9fcf 01f9 | 9fd7 01f9 | 9fd3 01f9 
  0x0000ffff8453fd20: 8807 40f9 | a800 00b4 | 0810 8ed2 | 688a b0f2 | e8ff dff2 | 0001 1fd6 | b6e3 7ba9 | b86f 388b 
  0x0000ffff8453fd40: c1d5 bbd4 | d071 f494 | ffff 0000 | 9129 40b9 | f106 2836 | a183 01d1 | 3104 40f9 | 9103 00b5 
  0x0000ffff8453fd60: b683 1bf8 | e003 1caa | 2801 0010 | 88d3 01f9 | 94cf 01f9 | 9dd7 01f9 | e833 bfa9 | 885e 94d2 
  0x0000ffff8453fd80: 4890 b2f2 | e8ff dff2 | 0001 3fd6 | e833 c1a8 | feff ff10 | 9fcf 01f9 | 9fd7 01f9 | 9fd3 01f9 
  0x0000ffff8453fda0: 8807 40f9 | a800 00b4 | 0810 8ed2 | 688a b0f2 | e8ff dff2 | 0001 1fd6 | b6e3 7ba9 | b86f 388b 
  0x0000ffff8453fdc0: c1d5 bbd4 | d071 f494 | ffff 0000 | b683 1bf8 | 2000 00d1 | 2304 40f9 | 3f04 00f9 | 0200 40f9 
  0x0000ffff8453fde0: e201 00b4 | e803 00aa | 62fc e0c8 | 1f01 00eb | 6001 0054 | bf3b 03d5 | 2304 00f9 | e003 01aa 
  0x0000ffff8453fe00: e833 bfa9 | 084a 94d2 | 4890 b2f2 | e8ff dff2 | 0001 3fd6 | e833 c1a8 | 0400 0014 | 88a7 42f9 
  0x0000ffff8453fe20: 0805 00d1 | 88a7 02f9 | b683 5bf8 | 4873 0890 | 0895 4e39 | 2801 0034 | a183 5ef8 | e003 1caa 
  0x0000ffff8453fe40: e833 bfa9 | 0890 9dd2 | c898 b2f2 | e8ff dff2 | 0001 3fd6 | e833 c1a8 | 8006 41f8 | 8006 41fc 
  0x0000ffff8453fe60: 6002 3fd6 | b483 5ff8 | bf03 0091 | fd7b c1a8 | 9f02 0091 | c003 5fd6 | 0100 80d2 | b683 1bf8 
  0x0000ffff8453fe80: e003 1caa | 2801 0010 | 88d3 01f9 | 94cf 01f9 | 9dd7 01f9 | e833 bfa9 | 08a0 9ad2 | 4890 b2f2 
  0x0000ffff8453fea0: e8ff dff2 | 0001 3fd6 | e833 c1a8 | feff ff10 | 9fcf 01f9 | 9fd7 01f9 | 9fd3 01f9 | 8807 40f9 
  0x0000ffff8453fec0: a800 00b4 | 0810 8ed2 | 688a b0f2 | e8ff dff2 | 0001 1fd6 | b6e3 7ba9 | b86f 388b | 85fe ff17 
[/MachCode]

---------------  P R O C E S S  ---------------

Threads class SMR info:
_java_thread_list=0x0000ffff8c051200, length=1, elements={
0x0000ffff8c02a030
}

Java Threads: ( => current thread )
=>0x0000ffff8c02a030 JavaThread "Unknown thread"             [_thread_in_native, id=2425, stack(0x0000ffff93d57000,0x0000ffff93f55000) (2040K)]
Total: 1

Other Threads:
  0x0000ffff8c1a8940 VMThread "VM Thread"                           [id=2428, stack(0x0000ffff74bf0000,0x0000ffff74dee000) (2040K)]
  0x0000ffff8c050350 WatcherThread "VM Periodic Task Thread"        [id=2427, stack(0x0000ffff7cc02000,0x0000ffff7ce00000) (2040K)]
  0x0000ffff8c041600 WorkerThread "GC Thread#0"                     [id=2426, stack(0x0000ffff90402000,0x0000ffff90600000) (2040K)]
Total: 3

Threads with active compile tasks:
Total: 0

VM state: not at safepoint (normal execution)

VM Mutex/Monitor currently owned by a thread: None

Heap address: 0x00000000c0000000, size: 1024 MB, Compressed Oops mode: 32-bit

CDS archive(s) mapped at: [0x000000c000000000-0x000000c000bc0000-0x000000c000bc0000), size 12320768, SharedBaseAddress: 0x000000c000000000, ArchiveRelocationMode: 1.
Compressed class space mapped at: 0x000000c001000000-0x000000c041000000, reserved size: 1073741824
Narrow klass base: 0x000000c000000000, Narrow klass shift: 0, Narrow klass range: 0x100000000

GC Precious Log:
 CardTable entry size: 512
 CPUs: 12 total, 12 available
 Memory: 7836M
 Large Page Support: Disabled
 NUMA Support: Disabled
 Compressed Oops: Enabled (32-bit)
 Alignments: Space 512K, Generation 512K, Heap 2M
 Heap Min Capacity: 100M
 Heap Initial Capacity: 100M
 Heap Max Capacity: 1G
 Pre-touch: Disabled
 Parallel Workers: 10

Heap:
 PSYoungGen      total 29696K, used 512K [0x00000000eab00000, 0x00000000ecc00000, 0x0000000100000000)
  eden space 25600K, 2% used [0x00000000eab00000,0x00000000eab80010,0x00000000ec400000)
  from space 4096K, 0% used [0x00000000ec800000,0x00000000ec800000,0x00000000ecc00000)
  to   space 4096K, 0% used [0x00000000ec400000,0x00000000ec400000,0x00000000ec800000)
 ParOldGen       total 68608K, used 1073K [0x00000000c0000000, 0x00000000c4300000, 0x00000000eab00000)
  object space 68608K, 1% used [0x00000000c0000000,0x00000000c010c670,0x00000000c4300000)
 Metaspace       used 1K, committed 128K, reserved 1114112K
  class space    used 0K, committed 64K, reserved 1048576K

Card table byte_map: [0x0000ffff90600000,0x0000ffff90801000] _byte_map_base: 0x0000ffff90000000

Marking Bits: (ParMarkBitMap*) 0x0000ffff953ed9f8
 Begin Bits: [0x0000ffff76000000, 0x0000ffff77000000)
 End Bits:   [0x0000ffff77000000, 0x0000ffff78000000)

Polling page: 0x0000ffff956e4000

Metaspace:

Usage:
  Non-class:    304 bytes used.
      Class:    976 bytes used.
       Both:      1.25 KB used.

Virtual space:
  Non-class space:       64.00 MB reserved,      64.00 KB ( <1%) committed,  1 nodes.
      Class space:        1.00 GB reserved,      64.00 KB ( <1%) committed,  1 nodes.
             Both:        1.06 GB reserved,     128.00 KB ( <1%) committed. 

Chunk freelists:
   Non-Class:  12.00 MB
       Class:  15.75 MB
        Both:  27.75 MB

MaxMetaspaceSize: unlimited
CompressedClassSpaceSize: 1.00 GB
Initial GC threshold: 21.00 MB
Current GC threshold: 17179869184.00 GB
CDS: on
 - commit_granule_bytes: 65536.
 - commit_granule_words: 8192.
 - virtual_space_node_default_size: 8388608.
 - enlarge_chunks_in_place: 1.
 - use_allocation_guard: 0.


Internal statistics:

num_allocs_failed_limit: 0.
num_arena_births: 2.
num_arena_deaths: 0.
num_vsnodes_births: 2.
num_vsnodes_deaths: 0.
num_space_committed: 2.
num_space_uncommitted: 0.
num_chunks_returned_to_freelist: 0.
num_chunks_taken_from_freelist: 3.
num_chunk_merges: 0.
num_chunk_splits: 2.
num_chunks_enlarged: 0.
num_inconsistent_stats: 0.

CodeHeap 'non-profiled nmethods': size=120028Kb used=0Kb max_used=0Kb free=120028Kb
 bounds [0x0000ffff84ac9000, 0x0000ffff84d39000, 0x0000ffff8c000000]
CodeHeap 'profiled nmethods': size=120028Kb used=0Kb max_used=0Kb free=120028Kb
 bounds [0x0000ffff7d000000, 0x0000ffff7d270000, 0x0000ffff84537000]
CodeHeap 'non-nmethods': size=5704Kb used=365Kb max_used=365Kb free=5338Kb
 bounds [0x0000ffff84537000, 0x0000ffff847a7000, 0x0000ffff84ac9000]
 total_blobs=92 nmethods=0 adapters=67
 compilation: enabled
              stopped_count=0, restarted_count=0
 full_count=0

Compilation events (0 events):
No events

GC Heap History (0 events):
No events

Dll operation events (1 events):
Event: 0.001 Loaded shared library /home/vscode/.cursor-server/extensions/redhat.java-1.39.0-linux-arm64/jre/21.0.5-linux-aarch64/lib/libjava.so

Deoptimization events (0 events):
No events

Classes loaded (0 events):
No events

Classes unloaded (0 events):
No events

Classes redefined (0 events):
No events

Internal exceptions (0 events):
No events

ZGC Phase Switch (0 events):
No events

VM Operations (0 events):
No events

Memory protections (1 events):
Event: 0.001 Protecting memory [0x0000ffff93d57000,0x0000ffff93d5b000] with protection modes 0

Nmethod flushes (0 events):
No events

Events (1 events):
Event: 0.010 Thread 0x0000ffff8c02a030 Thread added: 0x0000ffff8c02a030


Dynamic libraries:
c0000000-c4300000 rw-p 00000000 00:00 0 
c4300000-eab00000 ---p 00000000 00:00 0 
eab00000-ecc00000 rw-p 00000000 00:00 0 
ecc00000-100000000 ---p 00000000 00:00 0 
c000000000-c000480000 rw-p 00010000 00:51 276261                         /home/vscode/.cursor-server/extensions/redhat.java-1.39.0-linux-arm64/jre/21.0.5-linux-aarch64/lib/server/classes.jsa
c000480000-c000bc0000 rw-p 00490000 00:51 276261                         /home/vscode/.cursor-server/extensions/redhat.java-1.39.0-linux-arm64/jre/21.0.5-linux-aarch64/lib/server/classes.jsa
c000bc0000-c001040000 ---p 00000000 00:00 0 
c001040000-c001050000 rw-p 00000000 00:00 0 
c001050000-c041000000 ---p 00000000 00:00 0 
aaaab7880000-aaaab7881000 r-xp 00000000 00:51 275836                     /home/vscode/.cursor-server/extensions/redhat.java-1.39.0-linux-arm64/jre/21.0.5-linux-aarch64/bin/java
aaaab789f000-aaaab78a0000 r--p 0000f000 00:51 275836                     /home/vscode/.cursor-server/extensions/redhat.java-1.39.0-linux-arm64/jre/21.0.5-linux-aarch64/bin/java
aaaab78a0000-aaaab78a1000 rw-p 00010000 00:51 275836                     /home/vscode/.cursor-server/extensions/redhat.java-1.39.0-linux-arm64/jre/21.0.5-linux-aarch64/bin/java
aaaadac23000-aaaadac6b000 rw-p 00000000 00:00 0                          [heap]
ffff64000000-ffff64021000 rw-p 00000000 00:00 0 
ffff64021000-ffff68000000 ---p 00000000 00:00 0 
ffff6c000000-ffff6c010000 rw-p 00000000 00:00 0 
ffff6c010000-ffff70000000 ---p 00000000 00:00 0 
ffff70000000-ffff70021000 rw-p 00000000 00:00 0 
ffff70021000-ffff74000000 ---p 00000000 00:00 0 
ffff74400000-ffff746c2000 rw-p 00000000 00:00 0 
ffff74800000-ffff74a07000 rw-p 00000000 00:00 0 
ffff74bef000-ffff74bf0000 ---p 00000000 00:00 0 
ffff74bf0000-ffff74dee000 rw-p 00000000 00:00 0 
ffff74dee000-ffff78000000 rw-p 00000000 00:00 0 
ffff78000000-ffff78021000 rw-p 00000000 00:00 0 
ffff78021000-ffff7c000000 ---p 00000000 00:00 0 
ffff7c0f6000-ffff7cc01000 rw-p 00000000 00:00 0 
ffff7cc01000-ffff7cc02000 ---p 00000000 00:00 0 
ffff7cc02000-ffff7ce00000 rw-p 00000000 00:00 0 
ffff7ce00000-ffff7d000000 rw-p 00000000 00:00 0 
ffff7d000000-ffff7d270000 rwxp 00000000 00:00 0 
ffff7d270000-ffff84537000 ---p 00000000 00:00 0 
ffff84537000-ffff847a7000 rwxp 00000000 00:00 0 
ffff847a7000-ffff84ac9000 ---p 00000000 00:00 0 
ffff84ac9000-ffff84d39000 rwxp 00000000 00:00 0 
ffff84d39000-ffff8c000000 ---p 00000000 00:00 0 
ffff8c000000-ffff8c1c6000 rw-p 00000000 00:00 0 
ffff8c1c6000-ffff90000000 ---p 00000000 00:00 0 
ffff900ce000-ffff902cd000 rw-p 00000000 00:00 0 
ffff902cd000-ffff90401000 ---p 00000000 00:00 0 
ffff90401000-ffff90402000 ---p 00000000 00:00 0 
ffff90402000-ffff90600000 rw-p 00000000 00:00 0 
ffff90600000-ffff90622000 rw-p 00000000 00:00 0 
ffff90622000-ffff90755000 ---p 00000000 00:00 0 
ffff90755000-ffff90766000 rw-p 00000000 00:00 0 
ffff90766000-ffff90801000 ---p 00000000 00:00 0 
ffff9082a000-ffff9082f000 rw-p 00000000 00:00 0 
ffff9082f000-ffff90915000 ---p 00000000 00:00 0 
ffff90915000-ffff9091a000 rw-p 00000000 00:00 0 
ffff9091a000-ffff90a00000 ---p 00000000 00:00 0 
ffff90a00000-ffff93cca000 r--s 00000000 00:51 276251                     /home/vscode/.cursor-server/extensions/redhat.java-1.39.0-linux-arm64/jre/21.0.5-linux-aarch64/lib/modules
ffff93cd3000-ffff93d2d000 rw-p 00000000 00:00 0 
ffff93d2d000-ffff93d34000 ---p 00000000 00:00 0 
ffff93d34000-ffff93d3f000 r-xp 00000000 00:51 230734                     /lib/aarch64-linux-gnu/libnss_files-2.31.so
ffff93d3f000-ffff93d4f000 ---p 0000b000 00:51 230734                     /lib/aarch64-linux-gnu/libnss_files-2.31.so
ffff93d4f000-ffff93d50000 r--p 0000b000 00:51 230734                     /lib/aarch64-linux-gnu/libnss_files-2.31.so
ffff93d50000-ffff93d51000 rw-p 0000c000 00:51 230734                     /lib/aarch64-linux-gnu/libnss_files-2.31.so
ffff93d51000-ffff93d57000 rw-p 00000000 00:00 0 
ffff93d57000-ffff93d5b000 ---p 00000000 00:00 0 
ffff93d5b000-ffff93f55000 rw-p 00000000 00:00 0 
ffff93f55000-ffff93fee000 r-xp 00000000 00:51 230707                     /lib/aarch64-linux-gnu/libm-2.31.so
ffff93fee000-ffff93ffe000 ---p 00099000 00:51 230707                     /lib/aarch64-linux-gnu/libm-2.31.so
ffff93ffe000-ffff93fff000 r--p 00099000 00:51 230707                     /lib/aarch64-linux-gnu/libm-2.31.so
ffff93fff000-ffff94000000 rw-p 0009a000 00:51 230707                     /lib/aarch64-linux-gnu/libm-2.31.so
ffff94000000-ffff95265000 r-xp 00000000 00:51 276263                     /home/vscode/.cursor-server/extensions/redhat.java-1.39.0-linux-arm64/jre/21.0.5-linux-aarch64/lib/server/libjvm.so
ffff95265000-ffff95282000 ---p 01265000 00:51 276263                     /home/vscode/.cursor-server/extensions/redhat.java-1.39.0-linux-arm64/jre/21.0.5-linux-aarch64/lib/server/libjvm.so
ffff95282000-ffff95360000 r--p 01272000 00:51 276263                     /home/vscode/.cursor-server/extensions/redhat.java-1.39.0-linux-arm64/jre/21.0.5-linux-aarch64/lib/server/libjvm.so
ffff95360000-ffff95392000 rw-p 01350000 00:51 276263                     /home/vscode/.cursor-server/extensions/redhat.java-1.39.0-linux-arm64/jre/21.0.5-linux-aarch64/lib/server/libjvm.so
ffff95392000-ffff95416000 rw-p 00000000 00:00 0 
ffff9541d000-ffff95425000 rw-s 00000000 00:51 279363                     /tmp/hsperfdata_vscode/2424
ffff95425000-ffff95446000 r-xp 00000000 00:51 276227                     /home/vscode/.cursor-server/extensions/redhat.java-1.39.0-linux-arm64/jre/21.0.5-linux-aarch64/lib/libjava.so
ffff95446000-ffff95464000 ---p 00021000 00:51 276227                     /home/vscode/.cursor-server/extensions/redhat.java-1.39.0-linux-arm64/jre/21.0.5-linux-aarch64/lib/libjava.so
ffff95464000-ffff95465000 r--p 0002f000 00:51 276227                     /home/vscode/.cursor-server/extensions/redhat.java-1.39.0-linux-arm64/jre/21.0.5-linux-aarch64/lib/libjava.so
ffff95465000-ffff95466000 rw-p 00030000 00:51 276227                     /home/vscode/.cursor-server/extensions/redhat.java-1.39.0-linux-arm64/jre/21.0.5-linux-aarch64/lib/libjava.so
ffff95466000-ffff95467000 rw-p 00000000 00:00 0 
ffff95467000-ffff95472000 r-xp 00000000 00:51 276222                     /home/vscode/.cursor-server/extensions/redhat.java-1.39.0-linux-arm64/jre/21.0.5-linux-aarch64/lib/libinstrument.so
ffff95472000-ffff95486000 ---p 0000b000 00:51 276222                     /home/vscode/.cursor-server/extensions/redhat.java-1.39.0-linux-arm64/jre/21.0.5-linux-aarch64/lib/libinstrument.so
ffff95486000-ffff95487000 r--p 0000f000 00:51 276222                     /home/vscode/.cursor-server/extensions/redhat.java-1.39.0-linux-arm64/jre/21.0.5-linux-aarch64/lib/libinstrument.so
ffff95487000-ffff95488000 rw-p 00010000 00:51 276222                     /home/vscode/.cursor-server/extensions/redhat.java-1.39.0-linux-arm64/jre/21.0.5-linux-aarch64/lib/libinstrument.so
ffff95488000-ffff954a3000 r-xp 00000000 00:51 276231                     /home/vscode/.cursor-server/extensions/redhat.java-1.39.0-linux-arm64/jre/21.0.5-linux-aarch64/lib/libjimage.so
ffff954a3000-ffff954b6000 ---p 0001b000 00:51 276231                     /home/vscode/.cursor-server/extensions/redhat.java-1.39.0-linux-arm64/jre/21.0.5-linux-aarch64/lib/libjimage.so
ffff954b6000-ffff954b8000 r--p 0001e000 00:51 276231                     /home/vscode/.cursor-server/extensions/redhat.java-1.39.0-linux-arm64/jre/21.0.5-linux-aarch64/lib/libjimage.so
ffff954b8000-ffff954b9000 rw-p 00020000 00:51 276231                     /home/vscode/.cursor-server/extensions/redhat.java-1.39.0-linux-arm64/jre/21.0.5-linux-aarch64/lib/libjimage.so
ffff954b9000-ffff954c0000 r-xp 00000000 00:51 230770                     /lib/aarch64-linux-gnu/librt-2.31.so
ffff954c0000-ffff954cf000 ---p 00007000 00:51 230770                     /lib/aarch64-linux-gnu/librt-2.31.so
ffff954cf000-ffff954d0000 r--p 00006000 00:51 230770                     /lib/aarch64-linux-gnu/librt-2.31.so
ffff954d0000-ffff954d1000 rw-p 00007000 00:51 230770                     /lib/aarch64-linux-gnu/librt-2.31.so
ffff954d1000-ffff9562d000 r-xp 00000000 00:51 230662                     /lib/aarch64-linux-gnu/libc-2.31.so
ffff9562d000-ffff9563c000 ---p 0015c000 00:51 230662                     /lib/aarch64-linux-gnu/libc-2.31.so
ffff9563c000-ffff95640000 r--p 0015b000 00:51 230662                     /lib/aarch64-linux-gnu/libc-2.31.so
ffff95640000-ffff95642000 rw-p 0015f000 00:51 230662                     /lib/aarch64-linux-gnu/libc-2.31.so
ffff95642000-ffff95645000 rw-p 00000000 00:00 0 
ffff95645000-ffff95648000 r-xp 00000000 00:51 230677                     /lib/aarch64-linux-gnu/libdl-2.31.so
ffff95648000-ffff95657000 ---p 00003000 00:51 230677                     /lib/aarch64-linux-gnu/libdl-2.31.so
ffff95657000-ffff95658000 r--p 00002000 00:51 230677                     /lib/aarch64-linux-gnu/libdl-2.31.so
ffff95658000-ffff95659000 rw-p 00003000 00:51 230677                     /lib/aarch64-linux-gnu/libdl-2.31.so
ffff95659000-ffff95675000 r-xp 00000000 00:51 230762                     /lib/aarch64-linux-gnu/libpthread-2.31.so
ffff95675000-ffff95684000 ---p 0001c000 00:51 230762                     /lib/aarch64-linux-gnu/libpthread-2.31.so
ffff95684000-ffff95685000 r--p 0001b000 00:51 230762                     /lib/aarch64-linux-gnu/libpthread-2.31.so
ffff95685000-ffff95686000 rw-p 0001c000 00:51 230762                     /lib/aarch64-linux-gnu/libpthread-2.31.so
ffff95686000-ffff9568a000 rw-p 00000000 00:00 0 
ffff9568a000-ffff956a2000 r-xp 00000000 00:51 276232                     /home/vscode/.cursor-server/extensions/redhat.java-1.39.0-linux-arm64/jre/21.0.5-linux-aarch64/lib/libjli.so
ffff956a2000-ffff956b9000 ---p 00018000 00:51 276232                     /home/vscode/.cursor-server/extensions/redhat.java-1.39.0-linux-arm64/jre/21.0.5-linux-aarch64/lib/libjli.so
ffff956b9000-ffff956ba000 r--p 0001f000 00:51 276232                     /home/vscode/.cursor-server/extensions/redhat.java-1.39.0-linux-arm64/jre/21.0.5-linux-aarch64/lib/libjli.so
ffff956ba000-ffff956bb000 rw-p 00020000 00:51 276232                     /home/vscode/.cursor-server/extensions/redhat.java-1.39.0-linux-arm64/jre/21.0.5-linux-aarch64/lib/libjli.so
ffff956bb000-ffff956dc000 r-xp 00000000 00:51 230634                     /lib/aarch64-linux-gnu/ld-2.31.so
ffff956e0000-ffff956e2000 rw-p 00000000 00:00 0 
ffff956e4000-ffff956e5000 ---p 00000000 00:00 0 
ffff956e5000-ffff956e6000 r--p 00000000 00:00 0 
ffff956e6000-ffff956e7000 ---p 00000000 00:00 0 
ffff956e7000-ffff956e9000 rw-p 00000000 00:00 0 
ffff956e9000-ffff956eb000 r--p 00000000 00:00 0                          [vvar]
ffff956eb000-ffff956ec000 r-xp 00000000 00:00 0                          [vdso]
ffff956ec000-ffff956ed000 r--p 00021000 00:51 230634                     /lib/aarch64-linux-gnu/ld-2.31.so
ffff956ed000-ffff956ef000 rw-p 00022000 00:51 230634                     /lib/aarch64-linux-gnu/ld-2.31.so
fffff2653000-fffff2675000 rw-p 00000000 00:00 0                          [stack]
Total number of mappings: 116


VM Arguments:
jvm_args: --add-modules=ALL-SYSTEM --add-opens=java.base/java.util=ALL-UNNAMED --add-opens=java.base/java.lang=ALL-UNNAMED --add-opens=java.base/sun.nio.fs=ALL-UNNAMED -Declipse.application=org.eclipse.jdt.ls.core.id1 -Dosgi.bundles.defaultStartLevel=4 -Declipse.product=org.eclipse.jdt.ls.core.product -Djava.import.generatesMetadataFilesAtProjectRoot=false -DDetectVMInstallationsJob.disabled=true -Dfile.encoding=utf8 -XX:+UseParallelGC -XX:GCTimeRatio=4 -XX:AdaptiveSizePolicyWeight=90 -Dsun.zip.disableMemoryMapping=true -Xmx1G -Xms100m -Xlog:disable -javaagent:/home/vscode/.cursor-server/extensions/redhat.java-1.39.0-linux-arm64/lombok/lombok-1.18.34.jar -XX:+HeapDumpOnOutOfMemoryError -XX:HeapDumpPath=/home/vscode/.cursor-server/data/User/workspaceStorage/db84f39c6db5d969b346a89d6f81195b/redhat.java -Daether.dependencyCollector.impl=bf 
java_command: /home/vscode/.cursor-server/extensions/redhat.java-1.39.0-linux-arm64/server/plugins/org.eclipse.equinox.launcher_1.6.900.v20240613-2009.jar -configuration /home/vscode/.cursor-server/data/User/globalStorage/redhat.java/1.39.0/config_linux -data /home/vscode/.cursor-server/data/User/workspaceStorage/db84f39c6db5d969b346a89d6f81195b/redhat.java/jdt_ws --pipe=/tmp/lsp-5cf082b1bf239cad72751297866f8303.sock
java_class_path (initial): /home/vscode/.cursor-server/extensions/redhat.java-1.39.0-linux-arm64/server/plugins/org.eclipse.equinox.launcher_1.6.900.v20240613-2009.jar
Launcher Type: SUN_STANDARD

[Global flags]
    uintx AdaptiveSizePolicyWeight                 = 90                                        {product} {command line}
     intx CICompilerCount                          = 4                                         {product} {ergonomic}
    uintx GCTimeRatio                              = 4                                         {product} {command line}
     bool HeapDumpOnOutOfMemoryError               = true                                   {manageable} {command line}
    ccstr HeapDumpPath                             = /home/vscode/.cursor-server/data/User/workspaceStorage/db84f39c6db5d969b346a89d6f81195b/redhat.java         {manageable} {command line}
   size_t InitialHeapSize                          = 104857600                                 {product} {command line}
   size_t MaxHeapSize                              = 1073741824                                {product} {command line}
   size_t MaxNewSize                               = 357564416                                 {product} {ergonomic}
   size_t MinHeapDeltaBytes                        = 524288                                    {product} {ergonomic}
   size_t MinHeapSize                              = 104857600                                 {product} {command line}
   size_t NewSize                                  = 34603008                                  {product} {ergonomic}
    uintx NonNMethodCodeHeapSize                   = 5839564                                {pd product} {ergonomic}
    uintx NonProfiledCodeHeapSize                  = 122909338                              {pd product} {ergonomic}
   size_t OldSize                                  = 70254592                                  {product} {ergonomic}
    uintx ProfiledCodeHeapSize                     = 122909338                              {pd product} {ergonomic}
    uintx ReservedCodeCacheSize                    = 251658240                              {pd product} {ergonomic}
     bool SegmentedCodeCache                       = true                                      {product} {ergonomic}
   size_t SoftMaxHeapSize                          = 1073741824                             {manageable} {ergonomic}
     bool UseCompressedOops                        = true                           {product lp64_product} {ergonomic}
     bool UseParallelGC                            = true                                      {product} {command line}

Logging:
Log output configuration:
 #0: stdout all=off uptime,level,tags foldmultilines=false
 #1: stderr all=off uptime,level,tags foldmultilines=false

Environment Variables:
JAVA_HOME=/usr/lib/jvm/msopenjdk-current
PATH=/vscode/cursor-server/bin/linux-arm64/f5f18731406b73244e0558ee7716d77c8096d150/bin/remote-cli:/usr/local/sdkman/bin:/usr/local/sdkman/candidates/java/current/bin:/usr/local/sdkman/candidates/gradle/current/bin:/usr/local/sdkman/candidates/maven/current/bin:/usr/local/sdkman/candidates/ant/current/bin:/usr/local/share/nvm/current/bin:/usr/local/sdkman/bin:/usr/local/sdkman/candidates/java/current/bin:/usr/local/sdkman/candidates/gradle/current/bin:/usr/local/sdkman/candidates/maven/current/bin:/usr/local/sdkman/candidates/ant/current/bin:/usr/lib/jvm/msopenjdk-current/bin:/usr/local/sdkman/bin:/usr/local/sdkman/candidates/java/current/bin:/usr/local/sdkman/candidates/gradle/current/bin:/usr/local/sdkman/candidates/maven/current/bin:/usr/local/sdkman/candidates/ant/current/bin:/usr/local/share/nvm/current/bin:/usr/local/sdkman/bin:/usr/local/sdkman/candidates/java/current/bin:/usr/local/sdkman/candidates/gradle/current/bin:/usr/local/sdkman/candidates/maven/current/bin:/usr/local/sdkman/candidates/ant/current/bin:/usr/lib/jvm/msopenjdk-current/bin:/usr/local/sbin:/usr/local/bin:/usr/sbin:/usr/bin:/sbin:/bin:/home/vscode/.local/bin
SHELL=/bin/bash
LANG=en_US.UTF-8

Active Locale:
LC_ALL=C
LC_COLLATE=C
LC_CTYPE=C
LC_MESSAGES=C
LC_MONETARY=C
LC_NUMERIC=C
LC_TIME=C

Signal Handlers:
   SIGSEGV: crash_handler in libjvm.so, mask=11100100010111111101111111111110, flags=SA_RESTART|SA_SIGINFO, unblocked
    SIGBUS: crash_handler in libjvm.so, mask=11100100010111111101111111111110, flags=SA_RESTART|SA_SIGINFO, unblocked
    SIGFPE: crash_handler in libjvm.so, mask=11100100010111111101111111111110, flags=SA_RESTART|SA_SIGINFO, unblocked
   SIGPIPE: javaSignalHandler in libjvm.so, mask=11100100010111111101111111111110, flags=SA_RESTART|SA_SIGINFO, blocked
   SIGXFSZ: javaSignalHandler in libjvm.so, mask=11100100010111111101111111111110, flags=SA_RESTART|SA_SIGINFO, blocked
    SIGILL: crash_handler in libjvm.so, mask=11100100010111111101111111111110, flags=SA_RESTART|SA_SIGINFO, unblocked
   SIGUSR2: SR_handler in libjvm.so, mask=00000000000000000000000000000000, flags=SA_RESTART|SA_SIGINFO, blocked
    SIGHUP: SIG_DFL, mask=00000000000000000000000000000000, flags=none, blocked
    SIGINT: SIG_DFL, mask=00000000000000000000000000000000, flags=none, blocked
   SIGTERM: SIG_DFL, mask=00000000000000000000000000000000, flags=none, blocked
   SIGQUIT: UserHandler in libjvm.so, mask=11100100010111111101111111111110, flags=SA_RESTART|SA_SIGINFO, blocked
   SIGTRAP: crash_handler in libjvm.so, mask=11100100010111111101111111111110, flags=SA_RESTART|SA_SIGINFO, unblocked


Periodic native trim disabled

---------------  S Y S T E M  ---------------

OS:
PRETTY_NAME="Debian GNU/Linux 11 (bullseye)"
NAME="Debian GNU/Linux"
VERSION_ID="11"
VERSION="11 (bullseye)"
VERSION_CODENAME=bullseye
ID=debian
HOME_URL="https://www.debian.org/"
SUPPORT_URL="https://www.debian.org/support"
BUG_REPORT_URL="https://bugs.debian.org/"
uname: Linux 6.10.14-linuxkit #1 SMP Fri Nov 29 17:22:03 UTC 2024 aarch64
OS uptime: 1 days 2:32 hours
libc: glibc 2.31 NPTL 2.31 
rlimit (soft/hard): STACK 8192k/infinity , CORE 0k/infinity , NPROC infinity/infinity , NOFILE 1048576/1048576 , AS infinity/infinity , CPU infinity/infinity , DATA infinity/infinity , FSIZE infinity/infinity , MEMLOCK infinity/infinity
load average: 0.44 0.50 0.44

/proc/meminfo:
MemTotal:        8025084 kB
MemFree:          160900 kB
MemAvailable:    6334612 kB
Buffers:          256376 kB
Cached:          5468652 kB
SwapCached:            0 kB
Active:          1736828 kB
Inactive:        5229228 kB
Active(anon):    1189880 kB
Inactive(anon):    61556 kB
Active(file):     546948 kB
Inactive(file):  5167672 kB
Unevictable:           0 kB
Mlocked:               0 kB
SwapTotal:       1048572 kB
SwapFree:        1048572 kB
Zswap:                 0 kB
Zswapped:              0 kB
Dirty:               344 kB
Writeback:             0 kB
AnonPages:       1164720 kB
Mapped:           250328 kB
Shmem:             10392 kB
KReclaimable:     662060 kB
Slab:             760572 kB
SReclaimable:     662060 kB
SUnreclaim:        98512 kB
KernelStack:        9488 kB
PageTables:        26628 kB
SecPageTables:         0 kB
NFS_Unstable:          0 kB
Bounce:                0 kB
WritebackTmp:          0 kB
CommitLimit:     5061112 kB
Committed_AS:    3057664 kB
VmallocTotal:   135288315904 kB
VmallocUsed:        5552 kB
VmallocChunk:          0 kB
Percpu:             4080 kB
AnonHugePages:    409600 kB
ShmemHugePages:        0 kB
ShmemPmdMapped:        0 kB
FileHugePages:         0 kB
FilePmdMapped:         0 kB
HugePages_Total:       0
HugePages_Free:        0
HugePages_Rsvd:        0
HugePages_Surp:        0
Hugepagesize:       2048 kB
Hugetlb:               0 kB

/sys/kernel/mm/transparent_hugepage/enabled: [always] madvise never
/sys/kernel/mm/transparent_hugepage/hpage_pmd_size: 2097152
/sys/kernel/mm/transparent_hugepage/defrag (defrag/compaction efforts parameter): always defer defer+madvise [madvise] never

Process Memory:
Virtual Size: 2848972K (peak: 2909608K)
Resident Set Size: 34772K (peak: 34772K) (anon: 19456K, file: 15316K, shmem: 0K)
Swapped out: 0K
C-Heap outstanding allocations: 38794K, retained: 605K
glibc malloc tunables: (default)

/proc/sys/kernel/threads-max (system-wide limit on the number of threads): 62646
/proc/sys/vm/max_map_count (maximum number of memory map areas a process may have): 262144
/proc/sys/vm/swappiness (control to define how aggressively the kernel swaps out anonymous memory): 60
/proc/sys/kernel/pid_max (system-wide limit on number of process identifiers): 99999

container (cgroup) information:
container_type: cgroupv2
cpu_cpuset_cpus: not supported
cpu_memory_nodes: not supported
active_processor_count: 12
cpu_quota: no quota
cpu_period: 100000
cpu_shares: no shares
memory_limit_in_bytes: unlimited
memory_and_swap_limit_in_bytes: unlimited
memory_soft_limit_in_bytes: unlimited
memory_usage_in_bytes: 1606520 k
memory_max_usage_in_bytes: not supported
memory_swap_current_in_bytes: unlimited
memory_swap_max_limit_in_bytes: unlimited
maximum number of tasks: unlimited
current number of tasks: 193

Steal ticks since vm start: 0
Steal ticks percentage since vm start:  0.000

CPU: total 12 (initial active 12) 0x61:0x0:0x000:0, fp, asimd, evtstrm, aes, pmull, sha1, sha256, crc32, lse, dcpop, sha3, sha512, paca, sve2
/proc/cpuinfo:
processor	: 0
BogoMIPS	: 48.00
Features	: fp asimd evtstrm aes pmull sha1 sha2 crc32 atomics fphp asimdhp cpuid asimdrdm jscvt fcma lrcpc dcpop sha3 asimddp sha512 asimdfhm dit uscat ilrcpc flagm sb paca pacg dcpodp sve2 flagm2 frint svei8mm svebf16 bf16 afp sme
CPU implementer	: 0x61
CPU architecture: 8
CPU variant	: 0x0
CPU part	: 0x000
CPU revision	: 0

processor	: 1
BogoMIPS	: 48.00
Features	: fp asimd evtstrm aes pmull sha1 sha2 crc32 atomics fphp asimdhp cpuid asimdrdm jscvt fcma lrcpc dcpop sha3 asimddp sha512 asimdfhm dit uscat ilrcpc flagm sb paca pacg dcpodp sve2 flagm2 frint svei8mm svebf16 bf16 afp sme
CPU implementer	: 0x61
CPU architecture: 8
CPU variant	: 0x0
CPU part	: 0x000
CPU revision	: 0

processor	: 2
BogoMIPS	: 48.00
Features	: fp asimd evtstrm aes pmull sha1 sha2 crc32 atomics fphp asimdhp cpuid asimdrdm jscvt fcma lrcpc dcpop sha3 asimddp sha512 asimdfhm dit uscat ilrcpc flagm sb paca pacg dcpodp sve2 flagm2 frint svei8mm svebf16 bf16 afp sme
CPU implementer	: 0x61
CPU architecture: 8
CPU variant	: 0x0
CPU part	: 0x000
CPU revision	: 0

processor	: 3
BogoMIPS	: 48.00
Features	: fp asimd evtstrm aes pmull sha1 sha2 crc32 atomics fphp asimdhp cpuid asimdrdm jscvt fcma lrcpc dcpop sha3 asimddp sha512 asimdfhm dit uscat ilrcpc flagm sb paca pacg dcpodp sve2 flagm2 frint svei8mm svebf16 bf16 afp sme
CPU implementer	: 0x61
CPU architecture: 8
CPU variant	: 0x0
CPU part	: 0x000
CPU revision	: 0

processor	: 4
BogoMIPS	: 48.00
Features	: fp asimd evtstrm aes pmull sha1 sha2 crc32 atomics fphp asimdhp cpuid asimdrdm jscvt fcma lrcpc dcpop sha3 asimddp sha512 asimdfhm dit uscat ilrcpc flagm sb paca pacg dcpodp sve2 flagm2 frint svei8mm svebf16 bf16 afp sme
CPU implementer	: 0x61
CPU architecture: 8
CPU variant	: 0x0
CPU part	: 0x000
CPU revision	: 0

processor	: 5
BogoMIPS	: 48.00
Features	: fp asimd evtstrm aes pmull sha1 sha2 crc32 atomics fphp asimdhp cpuid asimdrdm jscvt fcma lrcpc dcpop sha3 asimddp sha512 asimdfhm dit uscat ilrcpc flagm sb paca pacg dcpodp sve2 flagm2 frint svei8mm svebf16 bf16 afp sme
CPU implementer	: 0x61
CPU architecture: 8
CPU variant	: 0x0
CPU part	: 0x000
CPU revision	: 0

processor	: 6
BogoMIPS	: 48.00
Features	: fp asimd evtstrm aes pmull sha1 sha2 crc32 atomics fphp asimdhp cpuid asimdrdm jscvt fcma lrcpc dcpop sha3 asimddp sha512 asimdfhm dit uscat ilrcpc flagm sb paca pacg dcpodp sve2 flagm2 frint svei8mm svebf16 bf16 afp sme
CPU implementer	: 0x61
CPU architecture: 8
CPU variant	: 0x0
CPU part	: 0x000
CPU revision	: 0

processor	: 7
BogoMIPS	: 48.00
Features	: fp asimd evtstrm aes pmull sha1 sha2 crc32 atomics fphp asimdhp cpuid asimdrdm jscvt fcma lrcpc dcpop sha3 asimddp sha512 asimdfhm dit uscat ilrcpc flagm sb paca pacg dcpodp sve2 flagm2 frint svei8mm svebf16 bf16 afp sme
CPU implementer	: 0x61
CPU architecture: 8
CPU variant	: 0x0
CPU part	: 0x000
CPU revision	: 0

processor	: 8
BogoMIPS	: 48.00
Features	: fp asimd evtstrm aes pmull sha1 sha2 crc32 atomics fphp asimdhp cpuid asimdrdm jscvt fcma lrcpc dcpop sha3 asimddp sha512 asimdfhm dit uscat ilrcpc flagm sb paca pacg dcpodp sve2 flagm2 frint svei8mm svebf16 bf16 afp sme
CPU implementer	: 0x61
CPU architecture: 8
CPU variant	: 0x0
CPU part	: 0x000
CPU revision	: 0

processor	: 9
BogoMIPS	: 48.00
Features	: fp asimd evtstrm aes pmull sha1 sha2 crc32 atomics fphp asimdhp cpuid asimdrdm jscvt fcma lrcpc dcpop sha3 asimddp sha512 asimdfhm dit uscat ilrcpc flagm sb paca pacg dcpodp sve2 flagm2 frint svei8mm svebf16 bf16 afp sme
CPU implementer	: 0x61
CPU architecture: 8
CPU variant	: 0x0
CPU part	: 0x000
CPU revision	: 0

processor	: 10
BogoMIPS	: 48.00
Features	: fp asimd evtstrm aes pmull sha1 sha2 crc32 atomics fphp asimdhp cpuid asimdrdm jscvt fcma lrcpc dcpop sha3 asimddp sha512 asimdfhm dit uscat ilrcpc flagm sb paca pacg dcpodp sve2 flagm2 frint svei8mm svebf16 bf16 afp sme
CPU implementer	: 0x61
CPU architecture: 8
CPU variant	: 0x0
CPU part	: 0x000
CPU revision	: 0

processor	: 11
BogoMIPS	: 48.00
Features	: fp asimd evtstrm aes pmull sha1 sha2 crc32 atomics fphp asimdhp cpuid asimdrdm jscvt fcma lrcpc dcpop sha3 asimddp sha512 asimdfhm dit uscat ilrcpc flagm sb paca pacg dcpodp sve2 flagm2 frint svei8mm svebf16 bf16 afp sme
CPU implementer	: 0x61
CPU architecture: 8
CPU variant	: 0x0
CPU part	: 0x000
CPU revision	: 0


Online cpus: 0-11
Offline cpus: 

Memory: 4k page, physical 8025084k(6334612k free), swap 1048572k(1048572k free)
Page Sizes: 4k

vm_info: OpenJDK 64-Bit Server VM (21.0.5+11-LTS) for linux-aarch64 JRE (21.0.5+11-LTS), built on 2024-10-15T00:00:00Z by "admin" with gcc 11.3.0

END.
